This is pdfTeX, Version 3.141592653-2.6-1.40.26 (TeX Live 2025/dev/Debian) (preloaded format=pdflatex 2024.11.8)  18 NOV 2024 22:58
entering extended mode
 restricted \write18 enabled.
 file:line:error style messages enabled.
 %&-line parsing enabled.
**AuctionWebsite-doc.tex
(./AuctionWebsite-doc.tex
LaTeX2e <2024-06-01> patch level 2
L3 programming layer <2024-05-27>
(/usr/share/texlive/texmf-dist/tex/latex/amscls/amsart.cls
Document Class: amsart 2020/05/29 v2.20.6
\linespacing=\dimen141
\normalparindent=\dimen142
\normaltopskip=\skip49
(/usr/share/texlive/texmf-dist/tex/latex/amsmath/amsmath.sty
Package: amsmath 2024/05/23 v2.17q AMS math features
\@mathmargin=\skip50

For additional information on amsmath, use the `?' option.
(/usr/share/texlive/texmf-dist/tex/latex/amsmath/amstext.sty
Package: amstext 2021/08/26 v2.01 AMS text
 (/usr/share/texlive/texmf-dist/tex/latex/amsmath/amsgen.sty
File: amsgen.sty 1999/11/30 v2.0 generic functions
\@emptytoks=\toks17
\ex@=\dimen143
)) (/usr/share/texlive/texmf-dist/tex/latex/amsmath/amsbsy.sty
Package: amsbsy 1999/11/29 v1.2d Bold Symbols
\pmbraise@=\dimen144
) (/usr/share/texlive/texmf-dist/tex/latex/amsmath/amsopn.sty
Package: amsopn 2022/04/08 v2.04 operator names
)
\inf@bad=\count194
LaTeX Info: Redefining \frac on input line 233.
\uproot@=\count195
\leftroot@=\count196
LaTeX Info: Redefining \overline on input line 398.
LaTeX Info: Redefining \colon on input line 409.
\classnum@=\count197
\DOTSCASE@=\count198
LaTeX Info: Redefining \ldots on input line 495.
LaTeX Info: Redefining \dots on input line 498.
LaTeX Info: Redefining \cdots on input line 619.
\Mathstrutbox@=\box52
\strutbox@=\box53
LaTeX Info: Redefining \big on input line 721.
LaTeX Info: Redefining \Big on input line 722.
LaTeX Info: Redefining \bigg on input line 723.
LaTeX Info: Redefining \Bigg on input line 724.
\big@size=\dimen145
LaTeX Font Info:    Redeclaring font encoding OML on input line 742.
LaTeX Font Info:    Redeclaring font encoding OMS on input line 743.
\macc@depth=\count199
LaTeX Info: Redefining \bmod on input line 904.
LaTeX Info: Redefining \pmod on input line 909.
LaTeX Info: Redefining \smash on input line 939.
LaTeX Info: Redefining \relbar on input line 969.
LaTeX Info: Redefining \Relbar on input line 970.
\c@MaxMatrixCols=\count266
\dotsspace@=\muskip17
\c@parentequation=\count267
\dspbrk@lvl=\count268
\tag@help=\toks18
\row@=\count269
\column@=\count270
\maxfields@=\count271
\andhelp@=\toks19
\eqnshift@=\dimen146
\alignsep@=\dimen147
\tagshift@=\dimen148
\tagwidth@=\dimen149
\totwidth@=\dimen150
\lineht@=\dimen151
\@envbody=\toks20
\multlinegap=\skip51
\multlinetaggap=\skip52
\mathdisplay@stack=\toks21
LaTeX Info: Redefining \[ on input line 2953.
LaTeX Info: Redefining \] on input line 2954.
)
LaTeX Font Info:    Trying to load font information for U+msa on input line 397.
 (/usr/share/texlive/texmf-dist/tex/latex/amsfonts/umsa.fd
File: umsa.fd 2013/01/14 v3.01 AMS symbols A
) (/usr/share/texlive/texmf-dist/tex/latex/amsfonts/amsfonts.sty
Package: amsfonts 2013/01/14 v3.01 Basic AMSFonts support
\symAMSa=\mathgroup4
\symAMSb=\mathgroup5
LaTeX Font Info:    Redeclaring math symbol \hbar on input line 98.
LaTeX Font Info:    Overwriting math alphabet `\mathfrak' in version `bold'
(Font)                  U/euf/m/n --> U/euf/b/n on input line 106.
)
\copyins=\insert252
\abstractbox=\box54
\listisep=\skip53
\c@part=\count272
\c@section=\count273
\c@subsection=\count274
\c@subsubsection=\count275
\c@paragraph=\count276
\c@subparagraph=\count277
\c@figure=\count278
\c@table=\count279
\abovecaptionskip=\skip54
\belowcaptionskip=\skip55
\captionindent=\dimen152
\thm@style=\toks22
\thm@bodyfont=\toks23
\thm@headfont=\toks24
\thm@notefont=\toks25
\thm@headpunct=\toks26
\thm@preskip=\skip56
\thm@postskip=\skip57
\thm@headsep=\skip58
\dth@everypar=\toks27
) (/usr/share/texlive/texmf-dist/tex/latex/base/fontenc.sty
Package: fontenc 2021/04/29 v2.0v Standard LaTeX package
) (/usr/share/texlive/texmf-dist/tex/latex/newtx/newtxmath.sty
Package: newtxmath 2024/06/18 v1.75
 `newtxmath' v1.75, 2024/06/18 Math macros based originally on txfonts (msharpe) (/usr/share/texlive/texmf-dist/tex/latex/base/ifthen.sty
Package: ifthen 2024/03/16 v1.1e Standard LaTeX ifthen package (DPC)
) (/usr/share/texlive/texmf-dist/tex/latex/etoolbox/etoolbox.sty
Package: etoolbox 2020/10/05 v2.5k e-TeX tools for LaTeX (JAW)
\etb@tempcnta=\count280
) (/usr/share/texlive/texmf-dist/tex/generic/iftex/iftex.sty
Package: iftex 2022/02/03 v1.0f TeX engine tests
) (/usr/share/texlive/texmf-dist/tex/latex/xkeyval/xkeyval.sty
Package: xkeyval 2022/06/16 v2.9 package option processing (HA)
 (/usr/share/texlive/texmf-dist/tex/generic/xkeyval/xkeyval.tex (/usr/share/texlive/texmf-dist/tex/generic/xkeyval/xkvutils.tex
\XKV@toks=\toks28
\XKV@tempa@toks=\toks29
 (/usr/share/texlive/texmf-dist/tex/generic/xkeyval/keyval.tex))
\XKV@depth=\count281
File: xkeyval.tex 2014/12/03 v2.7a key=value parser (HA)
)) (/usr/share/texlive/texmf-dist/tex/latex/oberdiek/centernot.sty
Package: centernot 2016/05/16 v1.4 Centers the not symbol horizontally (HO)
)
\tx@cntz=\count282
 (/usr/share/texlive/texmf-dist/tex/generic/kastrup/binhex.tex)
\tx@Isdigit=\count283
\tx@IsAlNum=\count284
\tx@tA=\toks30
\tx@tB=\toks31
\tx@su=\read2

amsthm NOT loaded
LaTeX Font Info:    Redeclaring symbol font `operators' on input line 402.
LaTeX Font Info:    Overwriting symbol font `operators' in version `normal'
(Font)                  OT1/cmr/m/n --> OT1/cmr/m/n on input line 402.
LaTeX Font Info:    Overwriting symbol font `operators' in version `bold'
(Font)                  OT1/cmr/bx/n --> OT1/cmr/m/n on input line 402.
LaTeX Font Info:    Overwriting symbol font `operators' in version `bold'
(Font)                  OT1/cmr/m/n --> OT1/cmr/b/n on input line 403.
LaTeX Font Info:    Redeclaring math alphabet \mathsf on input line 410.
LaTeX Font Info:    Overwriting math alphabet `\mathsf' in version `normal'
(Font)                  OT1/cmss/m/n --> OT1/cmss/m/n on input line 410.
LaTeX Font Info:    Overwriting math alphabet `\mathsf' in version `bold'
(Font)                  OT1/cmss/bx/n --> OT1/cmss/m/n on input line 410.
LaTeX Font Info:    Overwriting math alphabet `\mathsf' in version `bold'
(Font)                  OT1/cmss/m/n --> OT1/cmss/b/n on input line 412.
LaTeX Font Info:    Redeclaring math alphabet \mathit on input line 419.
LaTeX Font Info:    Overwriting math alphabet `\mathit' in version `normal'
(Font)                  OT1/cmr/m/it --> OT1/cmr/m/it on input line 419.
LaTeX Font Info:    Overwriting math alphabet `\mathit' in version `bold'
(Font)                  OT1/cmr/bx/it --> OT1/cmr/m/it on input line 419.
LaTeX Font Info:    Redeclaring math alphabet \mathtt on input line 420.
LaTeX Font Info:    Overwriting math alphabet `\mathtt' in version `normal'
(Font)                  OT1/cmtt/m/n --> T1/cmtt/m/n on input line 420.
LaTeX Font Info:    Overwriting math alphabet `\mathtt' in version `bold'
(Font)                  OT1/cmtt/m/n --> T1/cmtt/m/n on input line 420.
LaTeX Font Info:    Redeclaring math alphabet \mathbf on input line 422.
LaTeX Font Info:    Overwriting math alphabet `\mathbf' in version `normal'
(Font)                  OT1/cmr/bx/n --> OT1/cmr/b/n on input line 422.
LaTeX Font Info:    Overwriting math alphabet `\mathbf' in version `bold'
(Font)                  OT1/cmr/bx/n --> OT1/cmr/b/n on input line 422.
LaTeX Font Info:    Overwriting math alphabet `\mathit' in version `bold'
(Font)                  OT1/cmr/m/it --> OT1/cmr/b/it on input line 423.
LaTeX Font Info:    Overwriting math alphabet `\mathtt' in version `bold'
(Font)                  T1/cmtt/m/n --> T1/cmtt/b/n on input line 426.
LaTeX Font Info:    Redeclaring symbol font `letters' on input line 534.
LaTeX Font Info:    Overwriting symbol font `letters' in version `normal'
(Font)                  OML/cmm/m/it --> OML/ntxmi/m/it on input line 534.
LaTeX Font Info:    Overwriting symbol font `letters' in version `bold'
(Font)                  OML/cmm/b/it --> OML/ntxmi/m/it on input line 534.
LaTeX Font Info:    Overwriting symbol font `letters' in version `bold'
(Font)                  OML/ntxmi/m/it --> OML/ntxmi/b/it on input line 535.
\symlettersA=\mathgroup6
LaTeX Font Info:    Overwriting symbol font `lettersA' in version `bold'
(Font)                  U/ntxmia/m/it --> U/ntxmia/b/it on input line 582.
LaTeX Font Info:    Redeclaring math alphabet \mathfrak on input line 584.
Now handling font encoding LMS ...
... no UTF-8 mapping file for font encoding LMS
LaTeX Font Info:    Redeclaring symbol font `symbols' on input line 604.
LaTeX Font Info:    Encoding `OMS' has changed to `LMS' for symbol font
(Font)              `symbols' in the math version `normal' on input line 604.
LaTeX Font Info:    Overwriting symbol font `symbols' in version `normal'
(Font)                  OMS/cmsy/m/n --> LMS/ntxsy/m/n on input line 604.
LaTeX Font Info:    Encoding `OMS' has changed to `LMS' for symbol font
(Font)              `symbols' in the math version `bold' on input line 604.
LaTeX Font Info:    Overwriting symbol font `symbols' in version `bold'
(Font)                  OMS/cmsy/b/n --> LMS/ntxsy/m/n on input line 604.
LaTeX Font Info:    Overwriting symbol font `symbols' in version `bold'
(Font)                  LMS/ntxsy/m/n --> LMS/ntxsy/b/n on input line 605.
\symAMSm=\mathgroup7
LaTeX Font Info:    Overwriting symbol font `AMSm' in version `bold'
(Font)                  U/ntxsym/m/n --> U/ntxsym/b/n on input line 630.
\symsymbolsC=\mathgroup8
LaTeX Font Info:    Overwriting symbol font `symbolsC' in version `bold'
(Font)                  U/ntxsyc/m/n --> U/ntxsyc/b/n on input line 651.
Now handling font encoding LMX ...
... no UTF-8 mapping file for font encoding LMX
LaTeX Font Info:    Redeclaring symbol font `largesymbols' on input line 664.
LaTeX Font Info:    Encoding `OMX' has changed to `LMX' for symbol font
(Font)              `largesymbols' in the math version `normal' on input line 664.
LaTeX Font Info:    Overwriting symbol font `largesymbols' in version `normal'
(Font)                  OMX/cmex/m/n --> LMX/ntxexx/m/n on input line 664.
LaTeX Font Info:    Encoding `OMX' has changed to `LMX' for symbol font
(Font)              `largesymbols' in the math version `bold' on input line 664.
LaTeX Font Info:    Overwriting symbol font `largesymbols' in version `bold'
(Font)                  OMX/cmex/m/n --> LMX/ntxexx/m/n on input line 664.
LaTeX Font Info:    Overwriting symbol font `largesymbols' in version `bold'
(Font)                  LMX/ntxexx/m/n --> LMX/ntxexx/b/n on input line 665.
\symlargesymbolsTXA=\mathgroup9
LaTeX Font Info:    Overwriting symbol font `largesymbolsTXA' in version `bold'
(Font)                  U/ntxexa/m/n --> U/ntxexa/b/n on input line 679.
\tx@sbptoks=\toks32
LaTeX Font Info:    Redeclaring math delimiter \lfloor on input line 902.
LaTeX Font Info:    Redeclaring math delimiter \rfloor on input line 903.
LaTeX Font Info:    Redeclaring math delimiter \lceil on input line 904.
LaTeX Font Info:    Redeclaring math delimiter \rceil on input line 905.
LaTeX Font Info:    Redeclaring math delimiter \lbrace on input line 910.
LaTeX Font Info:    Redeclaring math delimiter \rbrace on input line 911.
LaTeX Font Info:    Redeclaring math delimiter \langle on input line 913.
LaTeX Font Info:    Redeclaring math delimiter \rangle on input line 915.
LaTeX Font Info:    Redeclaring math delimiter \arrowvert on input line 919.
LaTeX Font Info:    Redeclaring math delimiter \vert on input line 920.
LaTeX Font Info:    Redeclaring math accent \dot on input line 991.
LaTeX Font Info:    Redeclaring math accent \ddot on input line 992.
LaTeX Font Info:    Redeclaring math accent \vec on input line 2057.
LaTeX Info: Redefining \Bbbk on input line 2847.
LaTeX Info: Redefining \not on input line 2995.
LaTeX Info: Redefining \textsquare on input line 3025.
LaTeX Info: Redefining \openbox on input line 3027.
) (/usr/share/texlive/texmf-dist/tex/latex/ebgaramond-maths/ebgaramond-maths.sty
Package: ebgaramond-maths 2019/09/24 v1.2 ebgaramond-maths for use with EBGaramond
 (/usr/share/texlive/texmf-dist/tex/latex/ebgaramond/ebgaramond.sty
Package: ebgaramond 2024/04/23 (Bob Tennent and autoinst) Style file for EB Garamond fonts.
 (/usr/share/texlive/texmf-dist/tex/generic/iftex/ifxetex.sty
Package: ifxetex 2019/10/25 v0.7 ifxetex legacy package. Use iftex instead.
) (/usr/share/texlive/texmf-dist/tex/generic/iftex/ifluatex.sty
Package: ifluatex 2019/10/25 v1.5 ifluatex legacy package. Use iftex instead.
) (/usr/share/texlive/texmf-dist/tex/latex/base/textcomp.sty
Package: textcomp 2024/04/24 v2.1b Standard LaTeX package
) (/usr/share/texlive/texmf-dist/tex/latex/base/fontenc.sty
Package: fontenc 2021/04/29 v2.0v Standard LaTeX package
) (/usr/share/texlive/texmf-dist/tex/latex/fontaxes/fontaxes.sty
Package: fontaxes 2020/07/21 v1.0e Font selection axes
LaTeX Info: Redefining \upshape on input line 29.
LaTeX Info: Redefining \itshape on input line 31.
LaTeX Info: Redefining \slshape on input line 33.
LaTeX Info: Redefining \swshape on input line 35.
LaTeX Info: Redefining \scshape on input line 37.
LaTeX Info: Redefining \sscshape on input line 39.
LaTeX Info: Redefining \ulcshape on input line 41.
LaTeX Info: Redefining \textsw on input line 47.
LaTeX Info: Redefining \textssc on input line 48.
LaTeX Info: Redefining \textulc on input line 49.
)
LaTeX Info: Redefining \oldstylenums on input line 163.
LaTeX Info: Redefining \textsw on input line 173.
)
LaTeX Font Info:    Redeclaring symbol font `letters' on input line 24.
LaTeX Font Info:    Overwriting symbol font `letters' in version `normal'
(Font)                  OML/ntxmi/m/it --> OML/EBGaramond-Maths/m/it on input line 24.
LaTeX Font Info:    Overwriting symbol font `letters' in version `bold'
(Font)                  OML/ntxmi/b/it --> OML/EBGaramond-Maths/m/it on input line 24.
LaTeX Font Info:    Redeclaring symbol font `operators' on input line 25.
LaTeX Font Info:    Overwriting symbol font `operators' in version `normal'
(Font)                  OT1/cmr/m/n --> OT1/EBGaramond-LF/m/n on input line 25.
LaTeX Font Info:    Overwriting symbol font `operators' in version `bold'
(Font)                  OT1/cmr/b/n --> OT1/EBGaramond-LF/m/n on input line 25.
LaTeX Font Info:    Overwriting symbol font `letters' in version `bold'
(Font)                  OML/EBGaramond-Maths/m/it --> OML/EBGaramond-Maths/b/it on input line 27.
LaTeX Font Info:    Overwriting symbol font `operators' in version `bold'
(Font)                  OT1/EBGaramond-LF/m/n --> OT1/EBGaramond-LF/bx/n on input line 28.
LaTeX Font Info:    Overwriting math alphabet `\mathbf' in version `normal'
(Font)                  OT1/cmr/b/n --> OT1/EBGaramond-LF/bx/n on input line 33.
LaTeX Font Info:    Overwriting math alphabet `\mathbf' in version `bold'
(Font)                  OT1/cmr/b/n --> OT1/EBGaramond-LF/bx/n on input line 34.
LaTeX Font Info:    Overwriting math alphabet `\mathit' in version `normal'
(Font)                  OT1/cmr/m/it --> OT1/EBGaramond-LF/m/it on input line 35.
LaTeX Font Info:    Overwriting math alphabet `\mathit' in version `bold'
(Font)                  OT1/cmr/b/it --> OT1/EBGaramond-LF/bx/it on input line 36.
LaTeX Font Info:    Redeclaring math alphabet \mathcal on input line 38.
) (/usr/share/texlive/texmf-dist/tex/latex/hyperref/hyperref.sty
Package: hyperref 2024-05-23 v7.01i Hypertext links for LaTeX
 (/usr/share/texlive/texmf-dist/tex/latex/kvsetkeys/kvsetkeys.sty
Package: kvsetkeys 2022-10-05 v1.19 Key value parser (HO)
) (/usr/share/texlive/texmf-dist/tex/generic/kvdefinekeys/kvdefinekeys.sty
Package: kvdefinekeys 2019-12-19 v1.6 Define keys (HO)
) (/usr/share/texlive/texmf-dist/tex/generic/pdfescape/pdfescape.sty
Package: pdfescape 2019/12/09 v1.15 Implements pdfTeX's escape features (HO)
 (/usr/share/texlive/texmf-dist/tex/generic/ltxcmds/ltxcmds.sty
Package: ltxcmds 2023-12-04 v1.26 LaTeX kernel commands for general use (HO)
) (/usr/share/texlive/texmf-dist/tex/generic/pdftexcmds/pdftexcmds.sty
Package: pdftexcmds 2020-06-27 v0.33 Utility functions of pdfTeX for LuaTeX (HO)
 (/usr/share/texlive/texmf-dist/tex/generic/infwarerr/infwarerr.sty
Package: infwarerr 2019/12/03 v1.5 Providing info/warning/error messages (HO)
)
Package pdftexcmds Info: \pdf@primitive is available.
Package pdftexcmds Info: \pdf@ifprimitive is available.
Package pdftexcmds Info: \pdfdraftmode found.
)) (/usr/share/texlive/texmf-dist/tex/latex/hycolor/hycolor.sty
Package: hycolor 2020-01-27 v1.10 Color options for hyperref/bookmark (HO)
) (/usr/share/texlive/texmf-dist/tex/latex/hyperref/nameref.sty
Package: nameref 2023-11-26 v2.56 Cross-referencing by name of section
 (/usr/share/texlive/texmf-dist/tex/latex/refcount/refcount.sty
Package: refcount 2019/12/15 v3.6 Data extraction from label references (HO)
) (/usr/share/texlive/texmf-dist/tex/generic/gettitlestring/gettitlestring.sty
Package: gettitlestring 2019/12/15 v1.6 Cleanup title references (HO)
 (/usr/share/texlive/texmf-dist/tex/latex/kvoptions/kvoptions.sty
Package: kvoptions 2022-06-15 v3.15 Key value format for package options (HO)
))
\c@section@level=\count285
) (/usr/share/texlive/texmf-dist/tex/generic/stringenc/stringenc.sty
Package: stringenc 2019/11/29 v1.12 Convert strings between diff. encodings (HO)
)
\@linkdim=\dimen153
\Hy@linkcounter=\count286
\Hy@pagecounter=\count287
 (/usr/share/texlive/texmf-dist/tex/latex/hyperref/pd1enc.def
File: pd1enc.def 2024-05-23 v7.01i Hyperref: PDFDocEncoding definition (HO)
Now handling font encoding PD1 ...
... no UTF-8 mapping file for font encoding PD1
) (/usr/share/texlive/texmf-dist/tex/generic/intcalc/intcalc.sty
Package: intcalc 2019/12/15 v1.3 Expandable calculations with integers (HO)
)
\Hy@SavedSpaceFactor=\count288
 (/usr/share/texlive/texmf-dist/tex/latex/hyperref/puenc.def
File: puenc.def 2024-05-23 v7.01i Hyperref: PDF Unicode definition (HO)
Now handling font encoding PU ...
... no UTF-8 mapping file for font encoding PU
)
Package hyperref Info: Option `final' set `true' on input line 4040.
Package hyperref Info: Hyper figures OFF on input line 4157.
Package hyperref Info: Link nesting OFF on input line 4162.
Package hyperref Info: Hyper index ON on input line 4165.
Package hyperref Info: Plain pages OFF on input line 4172.
Package hyperref Info: Backreferencing OFF on input line 4177.
Package hyperref Info: Implicit mode ON; LaTeX internals redefined.
Package hyperref Info: Bookmarks ON on input line 4424.
\c@Hy@tempcnt=\count289
 (/usr/share/texlive/texmf-dist/tex/latex/url/url.sty
\Urlmuskip=\muskip18
Package: url 2013/09/16  ver 3.4  Verb mode for urls, etc.
)
LaTeX Info: Redefining \url on input line 4763.
\XeTeXLinkMargin=\dimen154
 (/usr/share/texlive/texmf-dist/tex/generic/bitset/bitset.sty
Package: bitset 2019/12/09 v1.3 Handle bit-vector datatype (HO)
 (/usr/share/texlive/texmf-dist/tex/generic/bigintcalc/bigintcalc.sty
Package: bigintcalc 2019/12/15 v1.5 Expandable calculations on big integers (HO)
))
\Fld@menulength=\count290
\Field@Width=\dimen155
\Fld@charsize=\dimen156
Package hyperref Info: Hyper figures OFF on input line 6042.
Package hyperref Info: Link nesting OFF on input line 6047.
Package hyperref Info: Hyper index ON on input line 6050.
Package hyperref Info: backreferencing OFF on input line 6057.
Package hyperref Info: Link coloring OFF on input line 6062.
Package hyperref Info: Link coloring with OCG OFF on input line 6067.
Package hyperref Info: PDF/A mode OFF on input line 6072.
 (/usr/share/texlive/texmf-dist/tex/latex/base/atbegshi-ltx.sty
Package: atbegshi-ltx 2021/01/10 v1.0c Emulation of the original atbegshi
package with kernel methods
)
\Hy@abspage=\count291
\c@Item=\count292
\c@Hfootnote=\count293
)
Package hyperref Info: Driver (autodetected): hpdftex.
 (/usr/share/texlive/texmf-dist/tex/latex/hyperref/hpdftex.def
File: hpdftex.def 2024-05-23 v7.01i Hyperref driver for pdfTeX
 (/usr/share/texlive/texmf-dist/tex/latex/base/atveryend-ltx.sty
Package: atveryend-ltx 2020/08/19 v1.0a Emulation of the original atveryend package
with kernel methods
)
\Fld@listcount=\count294
\c@bookmark@seq@number=\count295
 (/usr/share/texlive/texmf-dist/tex/latex/rerunfilecheck/rerunfilecheck.sty
Package: rerunfilecheck 2022-07-10 v1.10 Rerun checks for auxiliary files (HO)

(/usr/share/texlive/texmf-dist/tex/generic/uniquecounter/uniquecounter.sty
Package: uniquecounter 2019/12/15 v1.4 Provide unlimited unique counter (HO)
)
Package uniquecounter Info: New unique counter `rerunfilecheck' on input line 285.
)
\Hy@SectionHShift=\skip59
) (/usr/share/texlive/texmf-dist/tex/generic/babel/babel.sty
Package: babel 2024/06/26 v24.7 The Babel package
\babel@savecnt=\count296
\U@D=\dimen157
\l@unhyphenated=\language89
 (/usr/share/texlive/texmf-dist/tex/generic/babel/txtbabel.def)
\bbl@readstream=\read3
\bbl@dirlevel=\count297
 (/usr/share/texlive/texmf-dist/tex/generic/babel-italian/italian.ldf
Language: italian 2024/01/03 v.1.5.00 Italian support for the babel system
\it@lettering=\count298
\it@doublequoteactive=\count299
\it@ISOcompliance=\count300
)) (/usr/share/texlive/texmf-dist/tex/generic/babel/locale/it/babel-italian.tex
Package babel Info: Importing font and identification data for italian
(babel)             from babel-it.ini. Reported on input line 11.
) (/usr/share/texlive/texmf-dist/tex/latex/geometry/geometry.sty
Package: geometry 2020/01/02 v5.9 Page Geometry
 (/usr/share/texlive/texmf-dist/tex/generic/iftex/ifvtex.sty
Package: ifvtex 2019/10/25 v1.7 ifvtex legacy package. Use iftex instead.
)
\Gm@cnth=\count301
\Gm@cntv=\count302
\c@Gm@tempcnt=\count303
\Gm@bindingoffset=\dimen158
\Gm@wd@mp=\dimen159
\Gm@odd@mp=\dimen160
\Gm@even@mp=\dimen161
\Gm@layoutwidth=\dimen162
\Gm@layoutheight=\dimen163
\Gm@layouthoffset=\dimen164
\Gm@layoutvoffset=\dimen165
\Gm@dimlist=\toks33
) (/usr/share/texlive/texmf-dist/tex/latex/amsfonts/eucal.sty
Package: eucal 2009/06/22 v3.00 Euler Script fonts
LaTeX Font Info:    Overwriting math alphabet `\EuScript' in version `bold'
(Font)                  U/eus/m/n --> U/eus/b/n on input line 33.
) (/usr/share/texlive/texmf-dist/tex/latex/titlesec/titlesec.sty
Package: titlesec 2023/10/27 v2.16 Sectioning titles
\ttl@box=\box55
\beforetitleunit=\skip60
\aftertitleunit=\skip61
\ttl@plus=\dimen166
\ttl@minus=\dimen167
\ttl@toksa=\toks34
\titlewidth=\dimen168
\titlewidthlast=\dimen169
\titlewidthfirst=\dimen170
) (/usr/share/texlive/texmf-dist/tex/latex/titlesec/titletoc.sty
Package: titletoc 2023/10/27 v2.16 TOC entries
\ttl@leftsep=\dimen171
) (/usr/share/texlive/texmf-dist/tex/latex/changepage/changepage.sty
Package: changepage 2009/10/20 v1.0c check page and change page layout
\c@cp@cntr=\count304
\cp@tempcnt=\count305
) (/usr/share/texlive/texmf-dist/tex/latex/graphics/graphicx.sty
Package: graphicx 2021/09/16 v1.2d Enhanced LaTeX Graphics (DPC,SPQR)
 (/usr/share/texlive/texmf-dist/tex/latex/graphics/graphics.sty
Package: graphics 2024/05/23 v1.4g Standard LaTeX Graphics (DPC,SPQR)
 (/usr/share/texlive/texmf-dist/tex/latex/graphics/trig.sty
Package: trig 2023/12/02 v1.11 sin cos tan (DPC)
) (/usr/share/texlive/texmf-dist/tex/latex/graphics-cfg/graphics.cfg
File: graphics.cfg 2016/06/04 v1.11 sample graphics configuration
)
Package graphics Info: Driver file: pdftex.def on input line 106.
 (/usr/share/texlive/texmf-dist/tex/latex/graphics-def/pdftex.def
File: pdftex.def 2024/04/13 v1.2c Graphics/color driver for pdftex
))
\Gin@req@height=\dimen172
\Gin@req@width=\dimen173
) (/usr/share/texlive/texmf-dist/tex/latex/wrapfig/wrapfig.sty
\wrapoverhang=\dimen174
\WF@size=\dimen175
\c@WF@wrappedlines=\count306
\WF@box=\box56
\WF@everypar=\toks35
Package: wrapfig 2003/01/31  v 3.6
) (/usr/share/texlive/texmf-dist/tex/latex/caption/caption.sty
Package: caption 2023/08/05 v3.6o Customizing captions (AR)
 (/usr/share/texlive/texmf-dist/tex/latex/caption/caption3.sty
Package: caption3 2023/07/31 v2.4d caption3 kernel (AR)
\caption@tempdima=\dimen176
\captionmargin=\dimen177
\caption@leftmargin=\dimen178
\caption@rightmargin=\dimen179
\caption@width=\dimen180
\caption@indent=\dimen181
\caption@parindent=\dimen182
\caption@hangindent=\dimen183
Package caption Info: AMS or SMF document class detected.
 (/usr/share/texlive/texmf-dist/tex/latex/caption/caption-ams-smf.sto
File: caption-ams-smf.sto 2020/08/22 v2.0 Adaption of the caption package to the AMS and SMF document classes (AR)
))
\c@caption@flags=\count307
\c@continuedfloat=\count308
Package caption Info: changepage package is loaded.
\caption@adjustwidth@hsize=\dimen184
\caption@adjustwidth@linewidth=\dimen185
Package caption Info: hyperref package is loaded.
Package caption Info: wrapfig package is loaded.
) (/usr/share/texlive/texmf-dist/tex/latex/fancyhdr/fancyhdr.sty
Package: fancyhdr 2024/04/23 v4.2 Extensive control of page headers and footers
\f@nch@headwidth=\skip62
\f@nch@O@elh=\skip63
\f@nch@O@erh=\skip64
\f@nch@O@olh=\skip65
\f@nch@O@orh=\skip66
\f@nch@O@elf=\skip67
\f@nch@O@erf=\skip68
\f@nch@O@olf=\skip69
\f@nch@O@orf=\skip70
) (/usr/share/texlive/texmf-dist/tex/latex/titling/titling.sty
Package: titling 2009/09/04 v2.1d maketitle typesetting
\thanksmarkwidth=\skip71
\thanksmargin=\skip72
\droptitle=\skip73
) (/usr/share/texlive/texmf-dist/tex/latex/booktabs/booktabs.sty
Package: booktabs 2020/01/12 v1.61803398 Publication quality tables
\heavyrulewidth=\dimen186
\lightrulewidth=\dimen187
\cmidrulewidth=\dimen188
\belowrulesep=\dimen189
\belowbottomsep=\dimen190
\aboverulesep=\dimen191
\abovetopsep=\dimen192
\cmidrulesep=\dimen193
\cmidrulekern=\dimen194
\defaultaddspace=\dimen195
\@cmidla=\count309
\@cmidlb=\count310
\@aboverulesep=\dimen196
\@belowrulesep=\dimen197
\@thisruleclass=\count311
\@lastruleclass=\count312
\@thisrulewidth=\dimen198
) (/usr/share/texlive/texmf-dist/tex/latex/nicematrix/nicematrix.sty (/usr/share/texlive/texmf-dist/tex/latex/pgf/basiclayer/pgfcore.sty (/usr/share/texlive/texmf-dist/tex/latex/pgf/systemlayer/pgfsys.sty (/usr/share/texlive/texmf-dist/tex/latex/pgf/utilities/pgfrcs.sty (/usr/share/texlive/texmf-dist/tex/generic/pgf/utilities/pgfutil-common.tex
\pgfutil@everybye=\toks36
\pgfutil@tempdima=\dimen199
\pgfutil@tempdimb=\dimen256
) (/usr/share/texlive/texmf-dist/tex/generic/pgf/utilities/pgfutil-latex.def
\pgfutil@abb=\box57
) (/usr/share/texlive/texmf-dist/tex/generic/pgf/utilities/pgfrcs.code.tex
(/usr/share/texlive/texmf-dist/tex/generic/pgf/pgf.revision.tex)
Package: pgfrcs 2023-01-15 v3.1.10 (3.1.10)
)) (/usr/share/texlive/texmf-dist/tex/generic/pgf/systemlayer/pgfsys.code.tex
Package: pgfsys 2023-01-15 v3.1.10 (3.1.10)
 (/usr/share/texlive/texmf-dist/tex/generic/pgf/utilities/pgfkeys.code.tex
\pgfkeys@pathtoks=\toks37
\pgfkeys@temptoks=\toks38
 (/usr/share/texlive/texmf-dist/tex/generic/pgf/utilities/pgfkeyslibraryfiltered.code.tex
\pgfkeys@tmptoks=\toks39
))
\pgf@x=\dimen257
\pgf@y=\dimen258
\pgf@xa=\dimen259
\pgf@ya=\dimen260
\pgf@xb=\dimen261
\pgf@yb=\dimen262
\pgf@xc=\dimen263
\pgf@yc=\dimen264
\pgf@xd=\dimen265
\pgf@yd=\dimen266
\w@pgf@writea=\write3
\r@pgf@reada=\read4
\c@pgf@counta=\count313
\c@pgf@countb=\count314
\c@pgf@countc=\count315
\c@pgf@countd=\count316
\t@pgf@toka=\toks40
\t@pgf@tokb=\toks41
\t@pgf@tokc=\toks42
\pgf@sys@id@count=\count317
 (/usr/share/texlive/texmf-dist/tex/generic/pgf/systemlayer/pgf.cfg
File: pgf.cfg 2023-01-15 v3.1.10 (3.1.10)
)
Driver file for pgf: pgfsys-pdftex.def
 (/usr/share/texlive/texmf-dist/tex/generic/pgf/systemlayer/pgfsys-pdftex.def
File: pgfsys-pdftex.def 2023-01-15 v3.1.10 (3.1.10)
 (/usr/share/texlive/texmf-dist/tex/generic/pgf/systemlayer/pgfsys-common-pdf.def
File: pgfsys-common-pdf.def 2023-01-15 v3.1.10 (3.1.10)
))) (/usr/share/texlive/texmf-dist/tex/generic/pgf/systemlayer/pgfsyssoftpath.code.tex
File: pgfsyssoftpath.code.tex 2023-01-15 v3.1.10 (3.1.10)
\pgfsyssoftpath@smallbuffer@items=\count318
\pgfsyssoftpath@bigbuffer@items=\count319
) (/usr/share/texlive/texmf-dist/tex/generic/pgf/systemlayer/pgfsysprotocol.code.tex
File: pgfsysprotocol.code.tex 2023-01-15 v3.1.10 (3.1.10)
)) (/usr/share/texlive/texmf-dist/tex/latex/xcolor/xcolor.sty
Package: xcolor 2023/11/15 v3.01 LaTeX color extensions (UK)
 (/usr/share/texlive/texmf-dist/tex/latex/graphics-cfg/color.cfg
File: color.cfg 2016/01/02 v1.6 sample color configuration
)
Package xcolor Info: Driver file: pdftex.def on input line 274.
 (/usr/share/texlive/texmf-dist/tex/latex/graphics/mathcolor.ltx)
Package xcolor Info: Model `cmy' substituted by `cmy0' on input line 1350.
Package xcolor Info: Model `hsb' substituted by `rgb' on input line 1354.
Package xcolor Info: Model `RGB' extended on input line 1366.
Package xcolor Info: Model `HTML' substituted by `rgb' on input line 1368.
Package xcolor Info: Model `Hsb' substituted by `hsb' on input line 1369.
Package xcolor Info: Model `tHsb' substituted by `hsb' on input line 1370.
Package xcolor Info: Model `HSB' substituted by `hsb' on input line 1371.
Package xcolor Info: Model `Gray' substituted by `gray' on input line 1372.
Package xcolor Info: Model `wave' substituted by `hsb' on input line 1373.
) (/usr/share/texlive/texmf-dist/tex/generic/pgf/basiclayer/pgfcore.code.tex
Package: pgfcore 2023-01-15 v3.1.10 (3.1.10)
 (/usr/share/texlive/texmf-dist/tex/generic/pgf/math/pgfmath.code.tex (/usr/share/texlive/texmf-dist/tex/generic/pgf/math/pgfmathutil.code.tex) (/usr/share/texlive/texmf-dist/tex/generic/pgf/math/pgfmathparser.code.tex
\pgfmath@dimen=\dimen267
\pgfmath@count=\count320
\pgfmath@box=\box58
\pgfmath@toks=\toks43
\pgfmath@stack@operand=\toks44
\pgfmath@stack@operation=\toks45
) (/usr/share/texlive/texmf-dist/tex/generic/pgf/math/pgfmathfunctions.code.tex) (/usr/share/texlive/texmf-dist/tex/generic/pgf/math/pgfmathfunctions.basic.code.tex) (/usr/share/texlive/texmf-dist/tex/generic/pgf/math/pgfmathfunctions.trigonometric.code.tex) (/usr/share/texlive/texmf-dist/tex/generic/pgf/math/pgfmathfunctions.random.code.tex) (/usr/share/texlive/texmf-dist/tex/generic/pgf/math/pgfmathfunctions.comparison.code.tex) (/usr/share/texlive/texmf-dist/tex/generic/pgf/math/pgfmathfunctions.base.code.tex) (/usr/share/texlive/texmf-dist/tex/generic/pgf/math/pgfmathfunctions.round.code.tex) (/usr/share/texlive/texmf-dist/tex/generic/pgf/math/pgfmathfunctions.misc.code.tex) (/usr/share/texlive/texmf-dist/tex/generic/pgf/math/pgfmathfunctions.integerarithmetics.code.tex)
(/usr/share/texlive/texmf-dist/tex/generic/pgf/math/pgfmathcalc.code.tex) (/usr/share/texlive/texmf-dist/tex/generic/pgf/math/pgfmathfloat.code.tex
\c@pgfmathroundto@lastzeros=\count321
)) (/usr/share/texlive/texmf-dist/tex/generic/pgf/math/pgfint.code.tex) (/usr/share/texlive/texmf-dist/tex/generic/pgf/basiclayer/pgfcorepoints.code.tex
File: pgfcorepoints.code.tex 2023-01-15 v3.1.10 (3.1.10)
\pgf@picminx=\dimen268
\pgf@picmaxx=\dimen269
\pgf@picminy=\dimen270
\pgf@picmaxy=\dimen271
\pgf@pathminx=\dimen272
\pgf@pathmaxx=\dimen273
\pgf@pathminy=\dimen274
\pgf@pathmaxy=\dimen275
\pgf@xx=\dimen276
\pgf@xy=\dimen277
\pgf@yx=\dimen278
\pgf@yy=\dimen279
\pgf@zx=\dimen280
\pgf@zy=\dimen281
) (/usr/share/texlive/texmf-dist/tex/generic/pgf/basiclayer/pgfcorepathconstruct.code.tex
File: pgfcorepathconstruct.code.tex 2023-01-15 v3.1.10 (3.1.10)
\pgf@path@lastx=\dimen282
\pgf@path@lasty=\dimen283
) (/usr/share/texlive/texmf-dist/tex/generic/pgf/basiclayer/pgfcorepathusage.code.tex
File: pgfcorepathusage.code.tex 2023-01-15 v3.1.10 (3.1.10)
\pgf@shorten@end@additional=\dimen284
\pgf@shorten@start@additional=\dimen285
) (/usr/share/texlive/texmf-dist/tex/generic/pgf/basiclayer/pgfcorescopes.code.tex
File: pgfcorescopes.code.tex 2023-01-15 v3.1.10 (3.1.10)
\pgfpic=\box59
\pgf@hbox=\box60
\pgf@layerbox@main=\box61
\pgf@picture@serial@count=\count322
) (/usr/share/texlive/texmf-dist/tex/generic/pgf/basiclayer/pgfcoregraphicstate.code.tex
File: pgfcoregraphicstate.code.tex 2023-01-15 v3.1.10 (3.1.10)
\pgflinewidth=\dimen286
) (/usr/share/texlive/texmf-dist/tex/generic/pgf/basiclayer/pgfcoretransformations.code.tex
File: pgfcoretransformations.code.tex 2023-01-15 v3.1.10 (3.1.10)
\pgf@pt@x=\dimen287
\pgf@pt@y=\dimen288
\pgf@pt@temp=\dimen289
) (/usr/share/texlive/texmf-dist/tex/generic/pgf/basiclayer/pgfcorequick.code.tex
File: pgfcorequick.code.tex 2023-01-15 v3.1.10 (3.1.10)
) (/usr/share/texlive/texmf-dist/tex/generic/pgf/basiclayer/pgfcoreobjects.code.tex
File: pgfcoreobjects.code.tex 2023-01-15 v3.1.10 (3.1.10)
) (/usr/share/texlive/texmf-dist/tex/generic/pgf/basiclayer/pgfcorepathprocessing.code.tex
File: pgfcorepathprocessing.code.tex 2023-01-15 v3.1.10 (3.1.10)
) (/usr/share/texlive/texmf-dist/tex/generic/pgf/basiclayer/pgfcorearrows.code.tex
File: pgfcorearrows.code.tex 2023-01-15 v3.1.10 (3.1.10)
\pgfarrowsep=\dimen290
) (/usr/share/texlive/texmf-dist/tex/generic/pgf/basiclayer/pgfcoreshade.code.tex
File: pgfcoreshade.code.tex 2023-01-15 v3.1.10 (3.1.10)
\pgf@max=\dimen291
\pgf@sys@shading@range@num=\count323
\pgf@shadingcount=\count324
) (/usr/share/texlive/texmf-dist/tex/generic/pgf/basiclayer/pgfcoreimage.code.tex
File: pgfcoreimage.code.tex 2023-01-15 v3.1.10 (3.1.10)
) (/usr/share/texlive/texmf-dist/tex/generic/pgf/basiclayer/pgfcoreexternal.code.tex
File: pgfcoreexternal.code.tex 2023-01-15 v3.1.10 (3.1.10)
\pgfexternal@startupbox=\box62
) (/usr/share/texlive/texmf-dist/tex/generic/pgf/basiclayer/pgfcorelayers.code.tex
File: pgfcorelayers.code.tex 2023-01-15 v3.1.10 (3.1.10)
) (/usr/share/texlive/texmf-dist/tex/generic/pgf/basiclayer/pgfcoretransparency.code.tex
File: pgfcoretransparency.code.tex 2023-01-15 v3.1.10 (3.1.10)
) (/usr/share/texlive/texmf-dist/tex/generic/pgf/basiclayer/pgfcorepatterns.code.tex
File: pgfcorepatterns.code.tex 2023-01-15 v3.1.10 (3.1.10)
) (/usr/share/texlive/texmf-dist/tex/generic/pgf/basiclayer/pgfcorerdf.code.tex
File: pgfcorerdf.code.tex 2023-01-15 v3.1.10 (3.1.10)
))) (/usr/share/texlive/texmf-dist/tex/generic/pgf/modules/pgfmoduleshapes.code.tex
File: pgfmoduleshapes.code.tex 2023-01-15 v3.1.10 (3.1.10)
\pgfnodeparttextbox=\box63
) (/usr/share/texlive/texmf-dist/tex/latex/l3packages/l3keys2e/l3keys2e.sty (/usr/share/texlive/texmf-dist/tex/latex/l3kernel/expl3.sty
Package: expl3 2024-05-27 L3 programming layer (loader) 
 (/usr/share/texlive/texmf-dist/tex/latex/l3backend/l3backend-pdftex.def
File: l3backend-pdftex.def 2024-05-08 L3 backend support: PDF output (pdfTeX)
\l__color_backend_stack_int=\count325
\l__pdf_internal_box=\box64
))
Package: l3keys2e 2024-05-08 LaTeX2e option processing using LaTeX3 keys
)
Package: nicematrix 2024/06/29 v6.28b Enhanced arrays with the help of PGF/TikZ
 (/usr/share/texlive/texmf-dist/tex/latex/tools/array.sty
Package: array 2024/06/14 v2.6d Tabular extension package (FMi)
\col@sep=\dimen292
\ar@mcellbox=\box65
\extrarowheight=\dimen293
\NC@list=\toks46
\extratabsurround=\skip74
\backup@length=\skip75
\ar@cellbox=\box66
)
\g__nicematrix_env_int=\count326
\g__nicematrix_NiceMatrixBlock_int=\count327
\g__nicematrix_notes_caption_int=\count328
\l__nicematrix_columns_width_dim=\dimen294
\l__nicematrix_col_width_dim=\dimen295
\g__nicematrix_row_total_int=\count329
\g__nicematrix_col_total_int=\count330
\g__nicematrix_last_row_node_int=\count331
\l__nicematrix_key_nb_rows_int=\count332
\g__nicematrix_blocks_wd_dim=\dimen296
\g__nicematrix_blocks_ht_dim=\dimen297
\g__nicematrix_blocks_dp_dim=\dimen298
\l__nicematrix_width_dim=\dimen299
\l__nicematrix_tabular_width_dim=\dimen300
\l__nicematrix_rule_width_dim=\dimen301
\l__nicematrix_old_iRow_int=\count333
\l__nicematrix_old_jCol_int=\count334
\g__nicematrix_total_X_weight_int=\count335
\l__nicematrix_X_columns_dim=\dimen302
\l__nicematrix_x_initial_dim=\dimen303
\l__nicematrix_y_initial_dim=\dimen304
\l__nicematrix_x_final_dim=\dimen305
\l__nicematrix_y_final_dim=\dimen306
\l__nicematrix_tmpc_dim=\dimen307
\l__nicematrix_tmpd_dim=\dimen308
\g__nicematrix_dp_row_zero_dim=\dimen309
\g__nicematrix_ht_row_zero_dim=\dimen310
\g__nicematrix_ht_row_one_dim=\dimen311
\g__nicematrix_dp_ante_last_row_dim=\dimen312
\g__nicematrix_ht_last_row_dim=\dimen313
\g__nicematrix_dp_last_row_dim=\dimen314
\g__nicematrix_width_last_col_dim=\dimen315
\g__nicematrix_width_first_col_dim=\dimen316
\l__nicematrix_row_min_int=\count336
\l__nicematrix_row_max_int=\count337
\l__nicematrix_col_min_int=\count338
\l__nicematrix_col_max_int=\count339
\l__nicematrix_start_int=\count340
\l__nicematrix_end_int=\count341
\l__nicematrix_local_start_int=\count342
\l__nicematrix_local_end_int=\count343
\g__nicematrix_static_num_of_col_int=\count344
\l__nicematrix_rounded_corners_dim=\dimen317
\l__nicematrix_tab_rounded_corners_dim=\dimen318
\l__nicematrix_offset_dim=\dimen319
\l__nicematrix_line_width_dim=\dimen320
\g__nicematrix_block_box_int=\count345
\l__nicematrix_submatrix_extra_height_dim=\dimen321
\l__nicematrix_submatrix_left_xshift_dim=\dimen322
\l__nicematrix_submatrix_right_xshift_dim=\dimen323
\l__nicematrix_first_row_int=\count346
\l__nicematrix_first_col_int=\count347
\l__nicematrix_last_row_int=\count348
\l__nicematrix_last_col_int=\count349
\c@tabularnote=\count350
\g__nicematrix_tabularnote_int=\count351
\c@nicematrix_draft=\count352
\l__nicematrix_cell_space_top_limit_dim=\dimen324
\l__nicematrix_cell_space_bottom_limit_dim=\dimen325
\l__nicematrix_xdots_inter_dim=\dimen326
\l__nicematrix_xdots_shorten_start_dim=\dimen327
\l__nicematrix_xdots_shorten_end_dim=\dimen328
\l__nicematrix_xdots_radius_dim=\dimen329
\l__nicematrix_notes_above_space_dim=\dimen330
\l__nicematrix_left_margin_dim=\dimen331
\l__nicematrix_right_margin_dim=\dimen332
\l__nicematrix_extra_left_margin_dim=\dimen333
\l__nicematrix_extra_right_margin_dim=\dimen334
\c__nicematrix_max_l_dim=\dimen335
\l__nicematrix_position_int=\count353
\l__nicematrix_multiplicity_int=\count354
\l__nicematrix_brace_yshift_dim=\dimen336
) (/usr/share/texlive/texmf-dist/tex/latex/listings/listings.sty
\lst@mode=\count355
\lst@gtempboxa=\box67
\lst@token=\toks47
\lst@length=\count356
\lst@currlwidth=\dimen337
\lst@column=\count357
\lst@pos=\count358
\lst@lostspace=\dimen338
\lst@width=\dimen339
\lst@newlines=\count359
\lst@lineno=\count360
\lst@maxwidth=\dimen340
 (/usr/share/texlive/texmf-dist/tex/latex/listings/lstpatch.sty
File: lstpatch.sty 2024/05/25 1.10b (Carsten Heinz)
) (/usr/share/texlive/texmf-dist/tex/latex/listings/lstmisc.sty
File: lstmisc.sty 2024/05/25 1.10b (Carsten Heinz)
\c@lstnumber=\count361
\lst@skipnumbers=\count362
\lst@framebox=\box68
) (/usr/share/texlive/texmf-dist/tex/latex/listings/listings.cfg
File: listings.cfg 2024/05/25 1.10b listings configuration
))
Package: listings 2024/05/25 1.10b (Carsten Heinz)
 (/usr/share/texlive/texmf-dist/tex/latex/listings/lstlang1.sty
File: lstlang1.sty 2024/05/25 1.10b listings language file
)
LaTeX Font Info:    Trying to load font information for T1+EBGaramond-OsF on input line 63.
 (/usr/share/texlive/texmf-dist/tex/latex/ebgaramond/T1EBGaramond-OsF.fd
File: T1EBGaramond-OsF.fd 2023/03/19 (autoinst) Font definitions for T1/EBGaramond-OsF.
)
LaTeX Font Info:    Font shape `T1/EBGaramond-OsF/m/n' will be
(Font)              scaled to size 12.0pt on input line 63.


LaTeX Warning: Unused global option(s):
    [renqo].

(./AuctionWebsite-doc.aux)
\openout1 = `AuctionWebsite-doc.aux'.

LaTeX Font Info:    Checking defaults for OML/EBGaramond-Maths/m/it on input line 63.
LaTeX Font Info:    Trying to load font information for OML+EBGaramond-Maths on input line 63.
 (/usr/share/texlive/texmf-dist/tex/latex/ebgaramond-maths/OMLEBGaramond-Maths.fd
File: OMLEBGaramond-Maths.fd 2019/09/24 font definitions for OML/EBGaramond-Maths.
)
LaTeX Font Info:    ... okay on input line 63.
LaTeX Font Info:    Checking defaults for OMS/cmsy/m/n on input line 63.
LaTeX Font Info:    ... okay on input line 63.
LaTeX Font Info:    Checking defaults for OT1/EBGaramond-LF/m/n on input line 63.
LaTeX Font Info:    Trying to load font information for OT1+EBGaramond-LF on input line 63.
 (/usr/share/texlive/texmf-dist/tex/latex/ebgaramond/OT1EBGaramond-LF.fd
File: OT1EBGaramond-LF.fd 2023/03/19 (autoinst) Font definitions for OT1/EBGaramond-LF.
)
LaTeX Font Info:    ... okay on input line 63.
LaTeX Font Info:    Checking defaults for T1/cmr/m/n on input line 63.
LaTeX Font Info:    ... okay on input line 63.
LaTeX Font Info:    Checking defaults for TS1/cmr/m/n on input line 63.
LaTeX Font Info:    ... okay on input line 63.
LaTeX Font Info:    Checking defaults for OMX/cmex/m/n on input line 63.
LaTeX Font Info:    ... okay on input line 63.
LaTeX Font Info:    Checking defaults for U/ntxexa/m/n on input line 63.
LaTeX Font Info:    Trying to load font information for U+ntxexa on input line 63.
 (/usr/share/texlive/texmf-dist/tex/latex/newtx/untxexa.fd
File: untxexa.fd 2012/04/16 Fontinst v1.933 font definitions for U/ntxexa.
)
LaTeX Font Info:    ... okay on input line 63.
LaTeX Font Info:    Checking defaults for LMS/ntxsy/m/n on input line 63.
LaTeX Font Info:    Trying to load font information for LMS+ntxsy on input line 63.
 (/usr/share/texlive/texmf-dist/tex/latex/newtx/lmsntxsy.fd
File: lmsntxsy.fd 2016/07/02 Fontinst v1.933 font definitions for LMS/ntxsy.
)
LaTeX Font Info:    ... okay on input line 63.
LaTeX Font Info:    Checking defaults for LMX/ntxexx/m/n on input line 63.
LaTeX Font Info:    Trying to load font information for LMX+ntxexx on input line 63.
 (/usr/share/texlive/texmf-dist/tex/latex/newtx/lmxntxexx.fd
File: lmxntxexx.fd 2016/07/03 Fontinst v1.933 font definitions for LMX/ntxexx.
)
LaTeX Font Info:    ... okay on input line 63.
LaTeX Font Info:    Checking defaults for PD1/pdf/m/n on input line 63.
LaTeX Font Info:    ... okay on input line 63.
LaTeX Font Info:    Checking defaults for PU/pdf/m/n on input line 63.
LaTeX Font Info:    ... okay on input line 63.
LaTeX Font Info:    Font shape `T1/EBGaramond-OsF/m/n' will be
(Font)              scaled to size 10.0pt on input line 63.
LaTeX Font Info:    Font shape `OT1/EBGaramond-LF/m/n' will be
(Font)              scaled to size 10.0pt on input line 63.
LaTeX Font Info:    Font shape `OT1/EBGaramond-LF/m/n' will be
(Font)              scaled to size 7.3pt on input line 63.
LaTeX Font Info:    Font shape `OT1/EBGaramond-LF/m/n' will be
(Font)              scaled to size 5.5pt on input line 63.
LaTeX Font Info:    Font shape `LMS/ntxsy/m/n' will be
(Font)              scaled to size 10.0pt on input line 63.
LaTeX Font Info:    Font shape `LMS/ntxsy/m/n' will be
(Font)              scaled to size 7.3pt on input line 63.
LaTeX Font Info:    Font shape `LMS/ntxsy/m/n' will be
(Font)              scaled to size 5.5pt on input line 63.
LaTeX Font Info:    Font shape `LMX/ntxexx/m/n' will be
(Font)              scaled to size 10.0pt on input line 63.
LaTeX Font Info:    Font shape `LMX/ntxexx/m/n' will be
(Font)              scaled to size 7.3pt on input line 63.
LaTeX Font Info:    Font shape `LMX/ntxexx/m/n' will be
(Font)              scaled to size 5.5pt on input line 63.
LaTeX Font Info:    Trying to load font information for U+msa on input line 63.
 (/usr/share/texlive/texmf-dist/tex/latex/amsfonts/umsa.fd
File: umsa.fd 2013/01/14 v3.01 AMS symbols A
)
LaTeX Font Info:    Trying to load font information for U+msb on input line 63.
 (/usr/share/texlive/texmf-dist/tex/latex/amsfonts/umsb.fd
File: umsb.fd 2013/01/14 v3.01 AMS symbols B
)
LaTeX Font Info:    Trying to load font information for U+ntxmia on input line 63.
 (/usr/share/texlive/texmf-dist/tex/latex/newtx/untxmia.fd
File: untxmia.fd 2024/04/09 Fontinst v1.933 font definitions for U/ntxmia.
)
LaTeX Font Info:    Font shape `U/ntxmia/m/it' will be
(Font)              scaled to size 10.0pt on input line 63.
LaTeX Font Info:    Font shape `U/ntxmia/m/it' will be
(Font)              scaled to size 7.3pt on input line 63.
LaTeX Font Info:    Font shape `U/ntxmia/m/it' will be
(Font)              scaled to size 5.5pt on input line 63.
LaTeX Font Info:    Trying to load font information for U+ntxsym on input line 63.
 (/usr/share/texlive/texmf-dist/tex/latex/newtx/untxsym.fd
File: untxsym.fd 2023/08/16 Fontinst v1.933 font definitions for U/ntxsym.
)
LaTeX Font Info:    Font shape `U/ntxsym/m/n' will be
(Font)              scaled to size 10.0pt on input line 63.
LaTeX Font Info:    Font shape `U/ntxsym/m/n' will be
(Font)              scaled to size 7.3pt on input line 63.
LaTeX Font Info:    Font shape `U/ntxsym/m/n' will be
(Font)              scaled to size 5.5pt on input line 63.
LaTeX Font Info:    Trying to load font information for U+ntxsyc on input line 63.
 (/usr/share/texlive/texmf-dist/tex/latex/newtx/untxsyc.fd
File: untxsyc.fd 2012/04/12 Fontinst v1.933 font definitions for U/ntxsyc.
)
LaTeX Font Info:    Font shape `U/ntxsyc/m/n' will be
(Font)              scaled to size 10.0pt on input line 63.
LaTeX Font Info:    Font shape `U/ntxsyc/m/n' will be
(Font)              scaled to size 7.3pt on input line 63.
LaTeX Font Info:    Font shape `U/ntxsyc/m/n' will be
(Font)              scaled to size 5.5pt on input line 63.
LaTeX Font Info:    Font shape `U/ntxexa/m/n' will be
(Font)              scaled to size 10.0pt on input line 63.
LaTeX Font Info:    Font shape `U/ntxexa/m/n' will be
(Font)              scaled to size 7.3pt on input line 63.
LaTeX Font Info:    Font shape `U/ntxexa/m/n' will be
(Font)              scaled to size 5.5pt on input line 63.
LaTeX Info: Command `\dddot' is already robust on input line 63.
LaTeX Info: Command `\ddddot' is already robust on input line 63.
\c@mv@tabular=\count363
\c@mv@boldtabular=\count364
Package hyperref Info: Link coloring OFF on input line 63.
 (./AuctionWebsite-doc.out) (./AuctionWebsite-doc.out)
\@outlinefile=\write4
\openout4 = `AuctionWebsite-doc.out'.

LaTeX Info: Redefining \it@ocap on input line 63.
LaTeX Info: Redefining \it@ccap on input line 63.

*geometry* driver: auto-detecting
*geometry* detected driver: pdftex
*geometry* verbose mode - [ preamble ] result:
* driver: pdftex
* paper: a4paper
* layout: <same size as paper>
* layoutoffset:(h,v)=(0.0pt,0.0pt)
* modes: twoside 
* h-part:(L,W,R)=(71.13188pt, 455.24411pt, 71.13188pt)
* v-part:(T,H,B)=(71.13188pt, 702.78308pt, 71.13188pt)
* \paperwidth=597.50787pt
* \paperheight=845.04684pt
* \textwidth=455.24411pt
* \textheight=702.78308pt
* \oddsidemargin=-1.1381pt
* \evensidemargin=-1.1381pt
* \topmargin=-23.1381pt
* \headheight=8.0pt
* \headsep=14.0pt
* \topskip=10.0pt
* \footskip=12.0pt
* \marginparwidth=90.0pt
* \marginparsep=11.0pt
* \columnsep=10.0pt
* \skip\footins=7.0pt plus 11.0pt
* \hoffset=0.0pt
* \voffset=0.0pt
* \mag=1000
* \@twocolumnfalse
* \@twosidetrue
* \@mparswitchtrue
* \@reversemarginfalse
* (1in=72.27pt=25.4mm, 1cm=28.453pt)

(/usr/share/texlive/texmf-dist/tex/context/base/mkii/supp-pdf.mkii
[Loading MPS to PDF converter (version 2006.09.02).]
\scratchcounter=\count365
\scratchdimen=\dimen341
\scratchbox=\box69
\nofMPsegments=\count366
\nofMParguments=\count367
\everyMPshowfont=\toks48
\MPscratchCnt=\count368
\MPscratchDim=\dimen342
\MPnumerator=\count369
\makeMPintoPDFobject=\count370
\everyMPtoPDFconversion=\toks49
) (/usr/share/texlive/texmf-dist/tex/latex/epstopdf-pkg/epstopdf-base.sty
Package: epstopdf-base 2020-01-24 v2.11 Base part for package epstopdf
Package epstopdf-base Info: Redefining graphics rule for `.eps' on input line 485.
 (/usr/share/texlive/texmf-dist/tex/latex/latexconfig/epstopdf-sys.cfg
File: epstopdf-sys.cfg 2010/07/13 v1.3 Configuration of (r)epstopdf for TeX Live
))
Package caption Info: Begin \AtBeginDocument code.
Package caption Info: listings package is loaded.
Package caption Info: End \AtBeginDocument code.
\c__nicematrix_shift_Ldots_last_row_dim=\dimen343
\c__nicematrix_shift_exterior_Vdots_dim=\dimen344
\c__nicematrix_innersep_middle_dim=\dimen345
\c@lstlisting=\count371
LaTeX Font Info:    Font shape `OT1/EBGaramond-LF/m/n' will be
(Font)              scaled to size 12.0pt on input line 63.
LaTeX Font Info:    Font shape `OT1/EBGaramond-LF/m/n' will be
(Font)              scaled to size 8.8pt on input line 63.
LaTeX Font Info:    Font shape `OT1/EBGaramond-LF/m/n' will be
(Font)              scaled to size 6.6pt on input line 63.
LaTeX Font Info:    Font shape `LMS/ntxsy/m/n' will be
(Font)              scaled to size 12.0pt on input line 63.
LaTeX Font Info:    Font shape `LMS/ntxsy/m/n' will be
(Font)              scaled to size 8.8pt on input line 63.
LaTeX Font Info:    Font shape `LMS/ntxsy/m/n' will be
(Font)              scaled to size 6.6pt on input line 63.
LaTeX Font Info:    Font shape `LMX/ntxexx/m/n' will be
(Font)              scaled to size 12.0pt on input line 63.
LaTeX Font Info:    Font shape `LMX/ntxexx/m/n' will be
(Font)              scaled to size 8.8pt on input line 63.
LaTeX Font Info:    Font shape `LMX/ntxexx/m/n' will be
(Font)              scaled to size 6.6pt on input line 63.
LaTeX Font Info:    Font shape `U/ntxmia/m/it' will be
(Font)              scaled to size 12.0pt on input line 63.
LaTeX Font Info:    Font shape `U/ntxmia/m/it' will be
(Font)              scaled to size 8.8pt on input line 63.
LaTeX Font Info:    Font shape `U/ntxmia/m/it' will be
(Font)              scaled to size 6.6pt on input line 63.
LaTeX Font Info:    Font shape `U/ntxsym/m/n' will be
(Font)              scaled to size 12.0pt on input line 63.
LaTeX Font Info:    Font shape `U/ntxsym/m/n' will be
(Font)              scaled to size 8.8pt on input line 63.
LaTeX Font Info:    Font shape `U/ntxsym/m/n' will be
(Font)              scaled to size 6.6pt on input line 63.
LaTeX Font Info:    Font shape `U/ntxsyc/m/n' will be
(Font)              scaled to size 12.0pt on input line 63.
LaTeX Font Info:    Font shape `U/ntxsyc/m/n' will be
(Font)              scaled to size 8.8pt on input line 63.
LaTeX Font Info:    Font shape `U/ntxsyc/m/n' will be
(Font)              scaled to size 6.6pt on input line 63.
LaTeX Font Info:    Font shape `U/ntxexa/m/n' will be
(Font)              scaled to size 12.0pt on input line 63.
LaTeX Font Info:    Font shape `U/ntxexa/m/n' will be
(Font)              scaled to size 8.8pt on input line 63.
LaTeX Font Info:    Font shape `U/ntxexa/m/n' will be
(Font)              scaled to size 6.6pt on input line 63.
LaTeX Font Info:    Font shape `T1/EBGaramond-OsF/m/n' will be
(Font)              scaled to size 20.74pt on input line 74.
LaTeX Font Info:    Font shape `T1/EBGaramond-OsF/b/n' will be
(Font)              scaled to size 20.74pt on input line 74.
LaTeX Font Info:    Font shape `T1/EBGaramond-OsF/m/n' will be
(Font)              scaled to size 24.88pt on input line 75.
LaTeX Font Info:    Font shape `T1/EBGaramond-OsF/b/n' will be
(Font)              scaled to size 24.88pt on input line 75.
LaTeX Font Info:    Font shape `T1/EBGaramond-OsF/m/n' will be
(Font)              scaled to size 14.4pt on input line 80.
LaTeX Font Info:    Font shape `T1/EBGaramond-OsF/m/it' will be
(Font)              scaled to size 14.4pt on input line 80.


[0

{/var/lib/texmf/fonts/map/pdftex/updmap/pdftex.map}{/usr/share/texlive/texmf-dist/fonts/enc/dvips/ebgaramond/ebg_tcdnmr.enc}{/usr/share/texlive/texmf-dist/fonts/enc/dvips/ebgaramond/ebg_ljow5q.enc}]
LaTeX Font Info:    Font shape `T1/EBGaramond-OsF/m/sc' will be
(Font)              scaled to size 12.0pt on input line 92.
 (./AuctionWebsite-doc.toc)
\tf@toc=\write5
\openout5 = `AuctionWebsite-doc.toc'.



LaTeX Font Info:    Font shape `T1/EBGaramond-OsF/m/n' will be
(Font)              scaled to size 10.95pt on input line 94.
LaTeX Font Info:    Font shape `T1/EBGaramond-OsF/b/n' will be
(Font)              scaled to size 10.95pt on input line 94.

Package fancyhdr Warning: \headheight is too small (8.0pt): 
(fancyhdr)                Make it at least 13.0pt, for example:
(fancyhdr)                \setlength{\headheight}{13.0pt}.
(fancyhdr)                You might also make \topmargin smaller to compensate:
(fancyhdr)                \addtolength{\topmargin}{-5.0pt}.


Package fancyhdr Warning: \footskip is too small (12.0pt): 
(fancyhdr)                Make it at least 14.0pt, for example:
(fancyhdr)                \setlength{\footskip}{14.0pt}.

[1{/usr/share/texlive/texmf-dist/fonts/enc/dvips/ebgaramond/ebg_byuyni.enc}]
LaTeX Font Info:    Font shape `T1/EBGaramond-OsF/b/n' will be
(Font)              scaled to size 14.4pt on input line 94.
LaTeX Font Info:    Font shape `T1/EBGaramond-OsF/b/n' will be
(Font)              scaled to size 12.0pt on input line 96.



Package fancyhdr Warning: \headheight is too small (8.0pt): 
(fancyhdr)                Make it at least 13.0pt, for example:
(fancyhdr)                \setlength{\headheight}{13.0pt}.
(fancyhdr)                You might also make \topmargin smaller to compensate:
(fancyhdr)                \addtolength{\topmargin}{-5.0pt}.


Package fancyhdr Warning: \footskip is too small (12.0pt): 
(fancyhdr)                Make it at least 14.0pt, for example:
(fancyhdr)                \setlength{\footskip}{14.0pt}.

[2]


Package fancyhdr Warning: \headheight is too small (8.0pt): 
(fancyhdr)                Make it at least 13.0pt, for example:
(fancyhdr)                \setlength{\headheight}{13.0pt}.
(fancyhdr)                You might also make \topmargin smaller to compensate:
(fancyhdr)                \addtolength{\topmargin}{-5.0pt}.


Package fancyhdr Warning: \footskip is too small (12.0pt): 
(fancyhdr)                Make it at least 14.0pt, for example:
(fancyhdr)                \setlength{\footskip}{14.0pt}.

[3{/usr/share/texlive/texmf-dist/fonts/enc/dvips/ebgaramond/ebg_dacnth.enc}]
<TIW-ER.png, id=266, 559.3698pt x 312.2064pt>
File: TIW-ER.png Graphic file (type png)
<use TIW-ER.png>
Package pdftex.def Info: TIW-ER.png  used on input line 138.
(pdftex.def)             Requested size: 546.29153pt x 304.93596pt.
LaTeX Font Info:    Font shape `T1/EBGaramond-OsF/m/it' will be
(Font)              scaled to size 12.0pt on input line 141.

Underfull \hbox (badness 10000) in paragraph at lines 144--145

 []

LaTeX Font Info:    Trying to load font information for T1+cmtt on input line 147.
(/usr/share/texlive/texmf-dist/tex/latex/base/t1cmtt.fd
File: t1cmtt.fd 2023/04/13 v2.5m Standard LaTeX font definitions
)
Underfull \hbox (badness 10000) in paragraph at lines 160--161

 []




Package fancyhdr Warning: \headheight is too small (8.0pt): 
(fancyhdr)                Make it at least 13.0pt, for example:
(fancyhdr)                \setlength{\headheight}{13.0pt}.
(fancyhdr)                You might also make \topmargin smaller to compensate:
(fancyhdr)                \addtolength{\topmargin}{-5.0pt}.


Package fancyhdr Warning: \footskip is too small (12.0pt): 
(fancyhdr)                Make it at least 14.0pt, for example:
(fancyhdr)                \setlength{\footskip}{14.0pt}.

[4{/usr/share/texmf/fonts/enc/dvips/cm-super/cm-super-t1.enc} <./TIW-ER.png>]
Underfull \hbox (badness 10000) in paragraph at lines 182--183

 []


Underfull \hbox (badness 10000) in paragraph at lines 201--202

 []




Package fancyhdr Warning: \headheight is too small (8.0pt): 
(fancyhdr)                Make it at least 13.0pt, for example:
(fancyhdr)                \setlength{\headheight}{13.0pt}.
(fancyhdr)                You might also make \topmargin smaller to compensate:
(fancyhdr)                \addtolength{\topmargin}{-5.0pt}.


Package fancyhdr Warning: \footskip is too small (12.0pt): 
(fancyhdr)                Make it at least 14.0pt, for example:
(fancyhdr)                \setlength{\footskip}{14.0pt}.

[5]
Underfull \hbox (badness 10000) in paragraph at lines 223--224

 []


Underfull \hbox (badness 10000) in paragraph at lines 240--241

 []




Package fancyhdr Warning: \headheight is too small (8.0pt): 
(fancyhdr)                Make it at least 13.0pt, for example:
(fancyhdr)                \setlength{\headheight}{13.0pt}.
(fancyhdr)                You might also make \topmargin smaller to compensate:
(fancyhdr)                \addtolength{\topmargin}{-5.0pt}.


Package fancyhdr Warning: \footskip is too small (12.0pt): 
(fancyhdr)                Make it at least 14.0pt, for example:
(fancyhdr)                \setlength{\footskip}{14.0pt}.

[6]
Underfull \hbox (badness 10000) in paragraph at lines 261--262

 []


Underfull \hbox (badness 10000) in paragraph at lines 278--279

 []




Package fancyhdr Warning: \headheight is too small (8.0pt): 
(fancyhdr)                Make it at least 13.0pt, for example:
(fancyhdr)                \setlength{\headheight}{13.0pt}.
(fancyhdr)                You might also make \topmargin smaller to compensate:
(fancyhdr)                \addtolength{\topmargin}{-5.0pt}.


Package fancyhdr Warning: \footskip is too small (12.0pt): 
(fancyhdr)                Make it at least 14.0pt, for example:
(fancyhdr)                \setlength{\footskip}{14.0pt}.

[7]
<Servlets/TIW-doLogin.png, id=413, 795.97375pt x 374.39874pt>
File: Servlets/TIW-doLogin.png Graphic file (type png)
<use Servlets/TIW-doLogin.png>
Package pdftex.def Info: Servlets/TIW-doLogin.png  used on input line 301.
(pdftex.def)             Requested size: 500.77129pt x 235.5411pt.
<Servlets/TIW-home.png, id=414, 785.93625pt x 494.84875pt>
File: Servlets/TIW-home.png Graphic file (type png)
<use Servlets/TIW-home.png>
Package pdftex.def Info: Servlets/TIW-home.png  used on input line 304.
(pdftex.def)             Requested size: 500.77129pt x 315.30522pt.

Overfull \hbox (4.35959pt too wide) in paragraph at lines 299--305
[] [] 
 []




Package fancyhdr Warning: \headheight is too small (8.0pt): 
(fancyhdr)                Make it at least 13.0pt, for example:
(fancyhdr)                \setlength{\headheight}{13.0pt}.
(fancyhdr)                You might also make \topmargin smaller to compensate:
(fancyhdr)                \addtolength{\topmargin}{-5.0pt}.


Package fancyhdr Warning: \footskip is too small (12.0pt): 
(fancyhdr)                Make it at least 14.0pt, for example:
(fancyhdr)                \setlength{\footskip}{14.0pt}.

[8 <./Servlets/TIW-doLogin.png> <./Servlets/TIW-home.png>]
<Servlets/TIW-buy.png, id=421, 551.4201pt x 385.1991pt>
File: Servlets/TIW-buy.png Graphic file (type png)
<use Servlets/TIW-buy.png>
Package pdftex.def Info: Servlets/TIW-buy.png  used on input line 308.
(pdftex.def)             Requested size: 455.24411pt x 318.01653pt.
<Servlets/TIW-auctionOffer.png, id=422, 635.37375pt x 504.88625pt>
File: Servlets/TIW-auctionOffer.png Graphic file (type png)
<use Servlets/TIW-auctionOffer.png>
Package pdftex.def Info: Servlets/TIW-auctionOffer.png  used on input line 311.
(pdftex.def)             Requested size: 455.24411pt x 361.7613pt.

Overfull \hbox (16.35959pt too wide) in paragraph at lines 306--312
[][] []
 []


Overfull \hbox (4.35959pt too wide) in paragraph at lines 306--312
[] [] 
 []




Package fancyhdr Warning: \headheight is too small (8.0pt): 
(fancyhdr)                Make it at least 13.0pt, for example:
(fancyhdr)                \setlength{\headheight}{13.0pt}.
(fancyhdr)                You might also make \topmargin smaller to compensate:
(fancyhdr)                \addtolength{\topmargin}{-5.0pt}.


Package fancyhdr Warning: \footskip is too small (12.0pt): 
(fancyhdr)                Make it at least 14.0pt, for example:
(fancyhdr)                \setlength{\footskip}{14.0pt}.

[9 <./Servlets/TIW-buy.png> <./Servlets/TIW-auctionOffer.png>]
<Servlets/TIW-sell.png, id=429, 795.97375pt x 936.49875pt>
File: Servlets/TIW-sell.png Graphic file (type png)
<use Servlets/TIW-sell.png>
Package pdftex.def Info: Servlets/TIW-sell.png  used on input line 315.
(pdftex.def)             Requested size: 432.48051pt x 508.83125pt.
<Servlets/TIW-auctionDetails.png, id=430, 545.03625pt x 324.21124pt>
File: Servlets/TIW-auctionDetails.png Graphic file (type png)
<use Servlets/TIW-auctionDetails.png>
Package pdftex.def Info: Servlets/TIW-auctionDetails.png  used on input line 318.
(pdftex.def)             Requested size: 295.90588pt x 176.01634pt.

Overfull \hbox (16.35959pt too wide) in paragraph at lines 313--320
[][] []
 []


Overfull \hbox (4.35959pt too wide) in paragraph at lines 313--320
[] []
 []




Package fancyhdr Warning: \headheight is too small (8.0pt): 
(fancyhdr)                Make it at least 13.0pt, for example:
(fancyhdr)                \setlength{\headheight}{13.0pt}.
(fancyhdr)                You might also make \topmargin smaller to compensate:
(fancyhdr)                \addtolength{\topmargin}{-5.0pt}.


Package fancyhdr Warning: \footskip is too small (12.0pt): 
(fancyhdr)                Make it at least 14.0pt, for example:
(fancyhdr)                \setlength{\footskip}{14.0pt}.

[10 <./Servlets/TIW-sell.png> <./Servlets/TIW-auctionDetails.png>]
<Servlets/TIW-fragment.png, id=437, 785.93625pt x 826.08624pt>
File: Servlets/TIW-fragment.png Graphic file (type png)
<use Servlets/TIW-fragment.png>
Package pdftex.def Info: Servlets/TIW-fragment.png  used on input line 325.
(pdftex.def)             Requested size: 455.24411pt x 478.5127pt.



Package fancyhdr Warning: \headheight is too small (8.0pt): 
(fancyhdr)                Make it at least 13.0pt, for example:
(fancyhdr)                \setlength{\headheight}{13.0pt}.
(fancyhdr)                You might also make \topmargin smaller to compensate:
(fancyhdr)                \addtolength{\topmargin}{-5.0pt}.


Package fancyhdr Warning: \footskip is too small (12.0pt): 
(fancyhdr)                Make it at least 14.0pt, for example:
(fancyhdr)                \setlength{\footskip}{14.0pt}.

[11 <./Servlets/TIW-fragment.png>]
Underfull \hbox (badness 10000) in paragraph at lines 355--356

 []


Underfull \hbox (badness 10000) in paragraph at lines 363--364

 []


Underfull \hbox (badness 10000) in paragraph at lines 370--371

 []




Package fancyhdr Warning: \headheight is too small (8.0pt): 
(fancyhdr)                Make it at least 13.0pt, for example:
(fancyhdr)                \setlength{\headheight}{13.0pt}.
(fancyhdr)                You might also make \topmargin smaller to compensate:
(fancyhdr)                \addtolength{\topmargin}{-5.0pt}.


Package fancyhdr Warning: \footskip is too small (12.0pt): 
(fancyhdr)                Make it at least 14.0pt, for example:
(fancyhdr)                \setlength{\footskip}{14.0pt}.

[12]
Underfull \hbox (badness 10000) in paragraph at lines 397--398

 []


Underfull \hbox (badness 10000) in paragraph at lines 402--403

 []




Package fancyhdr Warning: \headheight is too small (8.0pt): 
(fancyhdr)                Make it at least 13.0pt, for example:
(fancyhdr)                \setlength{\headheight}{13.0pt}.
(fancyhdr)                You might also make \topmargin smaller to compensate:
(fancyhdr)                \addtolength{\topmargin}{-5.0pt}.


Package fancyhdr Warning: \footskip is too small (12.0pt): 
(fancyhdr)                Make it at least 14.0pt, for example:
(fancyhdr)                \setlength{\footskip}{14.0pt}.

[13]
<SequenceDiagrams/TIW-login.png, id=460, 575.2692pt x 508.7808pt>
File: SequenceDiagrams/TIW-login.png Graphic file (type png)
<use SequenceDiagrams/TIW-login.png>
Package pdftex.def Info: SequenceDiagrams/TIW-login.png  used on input line 417.
(pdftex.def)             Requested size: 546.29153pt x 483.16046pt.

Underfull \hbox (badness 10000) in paragraph at lines 415--419

 []




Package fancyhdr Warning: \headheight is too small (8.0pt): 
(fancyhdr)                Make it at least 13.0pt, for example:
(fancyhdr)                \setlength{\headheight}{13.0pt}.
(fancyhdr)                You might also make \topmargin smaller to compensate:
(fancyhdr)                \addtolength{\topmargin}{-5.0pt}.


Package fancyhdr Warning: \footskip is too small (12.0pt): 
(fancyhdr)                Make it at least 14.0pt, for example:
(fancyhdr)                \setlength{\footskip}{14.0pt}.

[14 <./SequenceDiagrams/TIW-login.png>]
<SequenceDiagrams/TIW-buy.png, id=467, 867.24pt x 544.9158pt>
File: SequenceDiagrams/TIW-buy.png Graphic file (type png)
<use SequenceDiagrams/TIW-buy.png>
Package pdftex.def Info: SequenceDiagrams/TIW-buy.png  used on input line 424.
(pdftex.def)             Requested size: 500.77129pt x 314.6545pt.

Underfull \hbox (badness 10000) in paragraph at lines 422--426

 []

<SequenceDiagrams/TIW-auctionOffer.png, id=468, 1005.9984pt x 544.9158pt>
File: SequenceDiagrams/TIW-auctionOffer.png Graphic file (type png)
<use SequenceDiagrams/TIW-auctionOffer.png>
Package pdftex.def Info: SequenceDiagrams/TIW-auctionOffer.png  used on input line 429.
(pdftex.def)             Requested size: 509.87117pt x 276.18222pt.

Underfull \hbox (badness 10000) in paragraph at lines 427--431

 []




Package fancyhdr Warning: \headheight is too small (8.0pt): 
(fancyhdr)                Make it at least 13.0pt, for example:
(fancyhdr)                \setlength{\headheight}{13.0pt}.
(fancyhdr)                You might also make \topmargin smaller to compensate:
(fancyhdr)                \addtolength{\topmargin}{-5.0pt}.


Package fancyhdr Warning: \footskip is too small (12.0pt): 
(fancyhdr)                Make it at least 14.0pt, for example:
(fancyhdr)                \setlength{\footskip}{14.0pt}.

[15 <./SequenceDiagrams/TIW-buy.png> <./SequenceDiagrams/TIW-auctionOffer.png>]
<SequenceDiagrams/TIW-placeBid.png, id=477, 867.24pt x 421.3341pt>
File: SequenceDiagrams/TIW-placeBid.png Graphic file (type png)
<use SequenceDiagrams/TIW-placeBid.png>
Package pdftex.def Info: SequenceDiagrams/TIW-placeBid.png  used on input line 435.
(pdftex.def)             Requested size: 523.52794pt x 254.35823pt.

Underfull \hbox (badness 10000) in paragraph at lines 433--437

 []

<SequenceDiagrams/TIW-sell.png, id=478, 1004.553pt x 624.4128pt>
File: SequenceDiagrams/TIW-sell.png Graphic file (type png)
<use SequenceDiagrams/TIW-sell.png>
Package pdftex.def Info: SequenceDiagrams/TIW-sell.png  used on input line 441.
(pdftex.def)             Requested size: 546.29153pt x 339.57889pt.

Underfull \hbox (badness 10000) in paragraph at lines 439--443

 []




Package fancyhdr Warning: \headheight is too small (8.0pt): 
(fancyhdr)                Make it at least 13.0pt, for example:
(fancyhdr)                \setlength{\headheight}{13.0pt}.
(fancyhdr)                You might also make \topmargin smaller to compensate:
(fancyhdr)                \addtolength{\topmargin}{-5.0pt}.


Package fancyhdr Warning: \footskip is too small (12.0pt): 
(fancyhdr)                Make it at least 14.0pt, for example:
(fancyhdr)                \setlength{\footskip}{14.0pt}.

[16 <./SequenceDiagrams/TIW-placeBid.png> <./SequenceDiagrams/TIW-sell.png>]
<SequenceDiagrams/TIW-auctionDetails.png, id=487, 1013.2254pt x 544.9158pt>
File: SequenceDiagrams/TIW-auctionDetails.png Graphic file (type png)
<use SequenceDiagrams/TIW-auctionDetails.png>
Package pdftex.def Info: SequenceDiagrams/TIW-auctionDetails.png  used on input line 447.
(pdftex.def)             Requested size: 591.81873pt x 318.28804pt.

Underfull \hbox (badness 10000) in paragraph at lines 445--449

 []

<SequenceDiagrams/TIW-addArticle.png, id=488, 751.608pt x 371.4678pt>
File: SequenceDiagrams/TIW-addArticle.png Graphic file (type png)
<use SequenceDiagrams/TIW-addArticle.png>
Package pdftex.def Info: SequenceDiagrams/TIW-addArticle.png  used on input line 452.
(pdftex.def)             Requested size: 500.77129pt x 247.4991pt.

Underfull \hbox (badness 10000) in paragraph at lines 450--454

 []




Package fancyhdr Warning: \headheight is too small (8.0pt): 
(fancyhdr)                Make it at least 13.0pt, for example:
(fancyhdr)                \setlength{\headheight}{13.0pt}.
(fancyhdr)                You might also make \topmargin smaller to compensate:
(fancyhdr)                \addtolength{\topmargin}{-5.0pt}.


Package fancyhdr Warning: \footskip is too small (12.0pt): 
(fancyhdr)                Make it at least 14.0pt, for example:
(fancyhdr)                \setlength{\footskip}{14.0pt}.

[17 <./SequenceDiagrams/TIW-auctionDetails.png> <./SequenceDiagrams/TIW-addArticle.png>]
<SequenceDiagrams/TIW-addAuction.png, id=497, 867.24pt x 487.0998pt>
File: SequenceDiagrams/TIW-addAuction.png Graphic file (type png)
<use SequenceDiagrams/TIW-addAuction.png>
Package pdftex.def Info: SequenceDiagrams/TIW-addAuction.png  used on input line 458.
(pdftex.def)             Requested size: 591.81873pt x 332.4201pt.

Underfull \hbox (badness 10000) in paragraph at lines 456--460

 []

<SequenceDiagrams/TIW-closeAuction.png, id=498, 760.2804pt x 369.2997pt>
File: SequenceDiagrams/TIW-closeAuction.png Graphic file (type png)
<use SequenceDiagrams/TIW-closeAuction.png>
Package pdftex.def Info: SequenceDiagrams/TIW-closeAuction.png  used on input line 463.
(pdftex.def)             Requested size: 500.77129pt x 243.25392pt.

Underfull \hbox (badness 10000) in paragraph at lines 461--465

 []




Package fancyhdr Warning: \headheight is too small (8.0pt): 
(fancyhdr)                Make it at least 13.0pt, for example:
(fancyhdr)                \setlength{\headheight}{13.0pt}.
(fancyhdr)                You might also make \topmargin smaller to compensate:
(fancyhdr)                \addtolength{\topmargin}{-5.0pt}.


Package fancyhdr Warning: \footskip is too small (12.0pt): 
(fancyhdr)                Make it at least 14.0pt, for example:
(fancyhdr)                \setlength{\footskip}{14.0pt}.

[18 <./SequenceDiagrams/TIW-addAuction.png> <./SequenceDiagrams/TIW-closeAuction.png>]
<RIA-design/TIWRIA-login.png, id=508, 558.6471pt x 181.3977pt>
File: RIA-design/TIWRIA-login.png Graphic file (type png)
<use RIA-design/TIWRIA-login.png>
Package pdftex.def Info: RIA-design/TIWRIA-login.png  used on input line 469.
(pdftex.def)             Requested size: 455.24411pt x 147.82535pt.
<RIA-design/TIWRIA-buy.png, id=509, 715.473pt x 635.2533pt>
File: RIA-design/TIWRIA-buy.png Graphic file (type png)
<use RIA-design/TIWRIA-buy.png>
Package pdftex.def Info: RIA-design/TIWRIA-buy.png  used on input line 472.
(pdftex.def)             Requested size: 546.29153pt x 485.05603pt.



Package fancyhdr Warning: \headheight is too small (8.0pt): 
(fancyhdr)                Make it at least 13.0pt, for example:
(fancyhdr)                \setlength{\headheight}{13.0pt}.
(fancyhdr)                You might also make \topmargin smaller to compensate:
(fancyhdr)                \addtolength{\topmargin}{-5.0pt}.


Package fancyhdr Warning: \footskip is too small (12.0pt): 
(fancyhdr)                Make it at least 14.0pt, for example:
(fancyhdr)                \setlength{\footskip}{14.0pt}.

[19 <./RIA-design/TIWRIA-login.png> <./RIA-design/TIWRIA-buy.png>]
<RIA-design/TIWRIA-sell.png, id=516, 749.4399pt x 815.9283pt>
File: RIA-design/TIWRIA-sell.png Graphic file (type png)
<use RIA-design/TIWRIA-sell.png>
Package pdftex.def Info: RIA-design/TIWRIA-sell.png  used on input line 475.
(pdftex.def)             Requested size: 546.29153pt x 594.7512pt.



Package fancyhdr Warning: \headheight is too small (8.0pt): 
(fancyhdr)                Make it at least 13.0pt, for example:
(fancyhdr)                \setlength{\headheight}{13.0pt}.
(fancyhdr)                You might also make \topmargin smaller to compensate:
(fancyhdr)                \addtolength{\topmargin}{-5.0pt}.


Package fancyhdr Warning: \footskip is too small (12.0pt): 
(fancyhdr)                Make it at least 14.0pt, for example:
(fancyhdr)                \setlength{\footskip}{14.0pt}.

[20 <./RIA-design/TIWRIA-sell.png>]
<RIA-design/TIWRIA-home.png, id=522, 558.6471pt x 255.1131pt>
File: RIA-design/TIWRIA-home.png Graphic file (type png)
<use RIA-design/TIWRIA-home.png>
Package pdftex.def Info: RIA-design/TIWRIA-home.png  used on input line 482.
(pdftex.def)             Requested size: 455.24411pt x 207.89781pt.



Package fancyhdr Warning: \headheight is too small (8.0pt): 
(fancyhdr)                Make it at least 13.0pt, for example:
(fancyhdr)                \setlength{\headheight}{13.0pt}.
(fancyhdr)                You might also make \topmargin smaller to compensate:
(fancyhdr)                \addtolength{\topmargin}{-5.0pt}.


Package fancyhdr Warning: \footskip is too small (12.0pt): 
(fancyhdr)                Make it at least 14.0pt, for example:
(fancyhdr)                \setlength{\footskip}{14.0pt}.

[21 <./RIA-design/TIWRIA-home.png>]
\g__nicematrix_max_cell_width_dim=\dimen346
\c@iRow=\count372
\c@jCol=\count373
\l__nicematrix_color_int=\count374
\l__nicematrix_tmpc_int=\count375
\l__nicematrix_cell_box=\box70
\l__nicematrix_the_array_box=\box71
\l__nicematrix_left_delim_dim=\dimen347
\l__nicematrix_right_delim_dim=\dimen348
\g__nicematrix_block_box_1_box=\box72
\g__nicematrix_block_box_2_box=\box73
\g__nicematrix_block_box_3_box=\box74
\g__nicematrix_block_box_4_box=\box75
\g__nicematrix_block_box_5_box=\box76
\g__nicematrix_block_box_6_box=\box77
\g__nicematrix_block_box_7_box=\box78
\g__nicematrix_block_box_8_box=\box79
\g__nicematrix_block_box_9_box=\box80
\g__nicematrix_block_box_10_box=\box81
\g__nicematrix_block_box_11_box=\box82
\g__nicematrix_block_box_12_box=\box83
\g__nicematrix_block_box_13_box=\box84
\g__nicematrix_block_box_14_box=\box85
\g__nicematrix_block_box_15_box=\box86
\g__nicematrix_block_box_16_box=\box87
\g__nicematrix_block_box_17_box=\box88
\g__nicematrix_block_box_18_box=\box89
\g__nicematrix_block_box_19_box=\box90
\g__nicematrix_block_box_20_box=\box91
\g__nicematrix_block_box_21_box=\box92
\g__nicematrix_block_box_22_box=\box93
\g__nicematrix_block_box_23_box=\box94
\g__nicematrix_block_box_24_box=\box95
\g__nicematrix_block_box_25_box=\box96
\g__nicematrix_block_box_26_box=\box97
\g__nicematrix_block_box_27_box=\box98
\g__nicematrix_block_box_28_box=\box99
\g__nicematrix_block_box_29_box=\box100
\g__nicematrix_block_box_30_box=\box101
\g__nicematrix_block_box_31_box=\box102
\g__nicematrix_block_box_32_box=\box103
\g__nicematrix_block_box_33_box=\box104
\g__nicematrix_block_box_34_box=\box105
\g__nicematrix_block_box_35_box=\box106
\g__nicematrix_block_box_36_box=\box107
\g__nicematrix_block_box_37_box=\box108
\g__nicematrix_block_box_38_box=\box109
\g__nicematrix_block_box_39_box=\box110
\g__nicematrix_block_box_40_box=\box111
\g__nicematrix_block_box_41_box=\box112
\g__nicematrix_block_box_42_box=\box113
\g__nicematrix_ddots_int=\count376
\g__nicematrix_iddots_int=\count377
\g__nicematrix_delta_x_one_dim=\dimen349
\g__nicematrix_delta_y_one_dim=\dimen350
\g__nicematrix_delta_x_two_dim=\dimen351
\g__nicematrix_delta_y_two_dim=\dimen352
\l__nicematrix_initial_i_int=\count378
\l__nicematrix_initial_j_int=\count379
\l__nicematrix_final_i_int=\count380
\l__nicematrix_final_j_int=\count381

Overfull \hbox (21.79721pt too wide) in paragraph at lines 493--518
[]$[][][][][][]$[][][][][][][][][][][][][][][] 
 []




Package fancyhdr Warning: \headheight is too small (8.0pt): 
(fancyhdr)                Make it at least 13.0pt, for example:
(fancyhdr)                \setlength{\headheight}{13.0pt}.
(fancyhdr)                You might also make \topmargin smaller to compensate:
(fancyhdr)                \addtolength{\topmargin}{-5.0pt}.


Package fancyhdr Warning: \footskip is too small (12.0pt): 
(fancyhdr)                Make it at least 14.0pt, for example:
(fancyhdr)                \setlength{\footskip}{14.0pt}.

[22]
Overfull \hbox (31.57727pt too wide) in paragraph at lines 522--547
[]$[][][][][][]$[][][][][][][][][][][][][][][] 
 []




Package fancyhdr Warning: \headheight is too small (8.0pt): 
(fancyhdr)                Make it at least 13.0pt, for example:
(fancyhdr)                \setlength{\headheight}{13.0pt}.
(fancyhdr)                You might also make \topmargin smaller to compensate:
(fancyhdr)                \addtolength{\topmargin}{-5.0pt}.


Package fancyhdr Warning: \footskip is too small (12.0pt): 
(fancyhdr)                Make it at least 14.0pt, for example:
(fancyhdr)                \setlength{\footskip}{14.0pt}.

[23]
Overfull \hbox (3.0671pt too wide) in paragraph at lines 579--580
[]\T1/EBGaramond-OsF/b/n/12 callback\T1/EBGaramond-OsF/m/n/12 , in-vo-ked by \T1/cmtt/m/n/12 makeCall \T1/EBGaramond-OsF/m/n/12 when the ser-ver re-sponds with the re-que-sted da-ta, calls \T1/cmtt/m/n/12 update
 []




Package fancyhdr Warning: \headheight is too small (8.0pt): 
(fancyhdr)                Make it at least 13.0pt, for example:
(fancyhdr)                \setlength{\headheight}{13.0pt}.
(fancyhdr)                You might also make \topmargin smaller to compensate:
(fancyhdr)                \addtolength{\topmargin}{-5.0pt}.


Package fancyhdr Warning: \footskip is too small (12.0pt): 
(fancyhdr)                Make it at least 14.0pt, for example:
(fancyhdr)                \setlength{\footskip}{14.0pt}.

[24]


Package fancyhdr Warning: \headheight is too small (8.0pt): 
(fancyhdr)                Make it at least 13.0pt, for example:
(fancyhdr)                \setlength{\headheight}{13.0pt}.
(fancyhdr)                You might also make \topmargin smaller to compensate:
(fancyhdr)                \addtolength{\topmargin}{-5.0pt}.


Package fancyhdr Warning: \footskip is too small (12.0pt): 
(fancyhdr)                Make it at least 14.0pt, for example:
(fancyhdr)                \setlength{\footskip}{14.0pt}.

[25]
<RIA-SequenceDiagrams/TIWRIA-login.png, id=556, 937.3419pt x 614.295pt>
File: RIA-SequenceDiagrams/TIWRIA-login.png Graphic file (type png)
<use RIA-SequenceDiagrams/TIWRIA-login.png>
Package pdftex.def Info: RIA-SequenceDiagrams/TIWRIA-login.png  used on input line 628.
(pdftex.def)             Requested size: 569.05513pt x 372.93845pt.

Underfull \hbox (badness 10000) in paragraph at lines 626--630

 []




Package fancyhdr Warning: \headheight is too small (8.0pt): 
(fancyhdr)                Make it at least 13.0pt, for example:
(fancyhdr)                \setlength{\headheight}{13.0pt}.
(fancyhdr)                You might also make \topmargin smaller to compensate:
(fancyhdr)                \addtolength{\topmargin}{-5.0pt}.


Package fancyhdr Warning: \footskip is too small (12.0pt): 
(fancyhdr)                Make it at least 14.0pt, for example:
(fancyhdr)                \setlength{\footskip}{14.0pt}.

[26 <./RIA-SequenceDiagrams/TIWRIA-login.png>]
<RIA-SequenceDiagrams/TIWRIA-loadBuy.png, id=563, 548.5293pt x 342.5598pt>
File: RIA-SequenceDiagrams/TIWRIA-loadBuy.png Graphic file (type png)
<use RIA-SequenceDiagrams/TIWRIA-loadBuy.png>
Package pdftex.def Info: RIA-SequenceDiagrams/TIWRIA-loadBuy.png  used on input line 635.
(pdftex.def)             Requested size: 386.96027pt x 241.66672pt.
<RIA-SequenceDiagrams/TIWRIA-loadAuctionsWithSearch.png, id=564, 813.0375pt x 558.6471pt>
File: RIA-SequenceDiagrams/TIWRIA-loadAuctionsWithSearch.png Graphic file (type png)
<use RIA-SequenceDiagrams/TIWRIA-loadAuctionsWithSearch.png>
Package pdftex.def Info: RIA-SequenceDiagrams/TIWRIA-loadAuctionsWithSearch.png  used on input line 638.
(pdftex.def)             Requested size: 455.24411pt x 312.7976pt.



Package fancyhdr Warning: \headheight is too small (8.0pt): 
(fancyhdr)                Make it at least 13.0pt, for example:
(fancyhdr)                \setlength{\headheight}{13.0pt}.
(fancyhdr)                You might also make \topmargin smaller to compensate:
(fancyhdr)                \addtolength{\topmargin}{-5.0pt}.


Package fancyhdr Warning: \footskip is too small (12.0pt): 
(fancyhdr)                Make it at least 14.0pt, for example:
(fancyhdr)                \setlength{\footskip}{14.0pt}.

[27 <./RIA-SequenceDiagrams/TIWRIA-loadBuy.png> <./RIA-SequenceDiagrams/TIWRIA-loadAuctionsWithSearch.png>]
<RIA-SequenceDiagrams/TIWRIA-loadWonAuctions.png, id=572, 818.8191pt x 630.1944pt>
File: RIA-SequenceDiagrams/TIWRIA-loadWonAuctions.png Graphic file (type png)
<use RIA-SequenceDiagrams/TIWRIA-loadWonAuctions.png>
Package pdftex.def Info: RIA-SequenceDiagrams/TIWRIA-loadWonAuctions.png  used on input line 642.
(pdftex.def)             Requested size: 500.77129pt x 385.40846pt.
<RIA-SequenceDiagrams/TIWRIA-searchAuction.png, id=573, 703.1871pt x 408.3255pt>
File: RIA-SequenceDiagrams/TIWRIA-searchAuction.png Graphic file (type png)
<use RIA-SequenceDiagrams/TIWRIA-searchAuction.png>
Package pdftex.def Info: RIA-SequenceDiagrams/TIWRIA-searchAuction.png  used on input line 646.
(pdftex.def)             Requested size: 455.24411pt x 264.35545pt.



Package fancyhdr Warning: \headheight is too small (8.0pt): 
(fancyhdr)                Make it at least 13.0pt, for example:
(fancyhdr)                \setlength{\headheight}{13.0pt}.
(fancyhdr)                You might also make \topmargin smaller to compensate:
(fancyhdr)                \addtolength{\topmargin}{-5.0pt}.


Package fancyhdr Warning: \footskip is too small (12.0pt): 
(fancyhdr)                Make it at least 14.0pt, for example:
(fancyhdr)                \setlength{\footskip}{14.0pt}.

[28 <./RIA-SequenceDiagrams/TIWRIA-loadWonAuctions.png> <./RIA-SequenceDiagrams/TIWRIA-searchAuction.png>]
<RIA-SequenceDiagrams/TIWRIA-showDetails.png, id=581, 1246.6575pt x 654.0435pt>
File: RIA-SequenceDiagrams/TIWRIA-showDetails.png Graphic file (type png)
<use RIA-SequenceDiagrams/TIWRIA-showDetails.png>
Package pdftex.def Info: RIA-SequenceDiagrams/TIWRIA-showDetails.png  used on input line 652.
(pdftex.def)             Requested size: 546.29153pt x 286.6024pt.

Underfull \hbox (badness 10000) in paragraph at lines 650--654

 []

<RIA-SequenceDiagrams/TIWRIA-placeBid.png, id=582, 943.1235pt x 551.4201pt>
File: RIA-SequenceDiagrams/TIWRIA-placeBid.png Graphic file (type png)
<use RIA-SequenceDiagrams/TIWRIA-placeBid.png>
Package pdftex.def Info: RIA-SequenceDiagrams/TIWRIA-placeBid.png  used on input line 657.
(pdftex.def)             Requested size: 569.05513pt x 332.73093pt.



Package fancyhdr Warning: \headheight is too small (8.0pt): 
(fancyhdr)                Make it at least 13.0pt, for example:
(fancyhdr)                \setlength{\headheight}{13.0pt}.
(fancyhdr)                You might also make \topmargin smaller to compensate:
(fancyhdr)                \addtolength{\topmargin}{-5.0pt}.


Package fancyhdr Warning: \footskip is too small (12.0pt): 
(fancyhdr)                Make it at least 14.0pt, for example:
(fancyhdr)                \setlength{\footskip}{14.0pt}.

[29 <./RIA-SequenceDiagrams/TIWRIA-showDetails.png> <./RIA-SequenceDiagrams/TIWRIA-placeBid.png>]
<RIA-SequenceDiagrams/TIWRIA-loadSell.png, id=591, 541.3023pt x 342.5598pt>
File: RIA-SequenceDiagrams/TIWRIA-loadSell.png Graphic file (type png)
<use RIA-SequenceDiagrams/TIWRIA-loadSell.png>
Package pdftex.def Info: RIA-SequenceDiagrams/TIWRIA-loadSell.png  used on input line 663.
(pdftex.def)             Requested size: 409.71692pt x 259.29228pt.
<RIA-SequenceDiagrams/TIWRIA-loadClosedAuctions.png, id=592, 826.0461pt x 628.749pt>
File: RIA-SequenceDiagrams/TIWRIA-loadClosedAuctions.png Graphic file (type png)
<use RIA-SequenceDiagrams/TIWRIA-loadClosedAuctions.png>
Package pdftex.def Info: RIA-SequenceDiagrams/TIWRIA-loadClosedAuctions.png  used on input line 668.
(pdftex.def)             Requested size: 455.24411pt x 346.51337pt.

Underfull \hbox (badness 10000) in paragraph at lines 661--670

 []




Package fancyhdr Warning: \headheight is too small (8.0pt): 
(fancyhdr)                Make it at least 13.0pt, for example:
(fancyhdr)                \setlength{\headheight}{13.0pt}.
(fancyhdr)                You might also make \topmargin smaller to compensate:
(fancyhdr)                \addtolength{\topmargin}{-5.0pt}.


Package fancyhdr Warning: \footskip is too small (12.0pt): 
(fancyhdr)                Make it at least 14.0pt, for example:
(fancyhdr)                \setlength{\footskip}{14.0pt}.

[30 <./RIA-SequenceDiagrams/TIWRIA-loadSell.png> <./RIA-SequenceDiagrams/TIWRIA-loadClosedAuctions.png>]
<RIA-SequenceDiagrams/TIWRIA-showDetailsOwner.png, id=602, 813.0375pt x 479.8728pt>
File: RIA-SequenceDiagrams/TIWRIA-showDetailsOwner.png Graphic file (type png)
<use RIA-SequenceDiagrams/TIWRIA-showDetailsOwner.png>
Package pdftex.def Info: RIA-SequenceDiagrams/TIWRIA-showDetailsOwner.png  used on input line 674.
(pdftex.def)             Requested size: 569.05513pt x 335.87938pt.

Underfull \hbox (badness 10000) in paragraph at lines 672--676

 []

<RIA-SequenceDiagrams/TIWRIA-addArticle.png, id=603, 842.6682pt x 456.7464pt>
File: RIA-SequenceDiagrams/TIWRIA-addArticle.png Graphic file (type png)
<use RIA-SequenceDiagrams/TIWRIA-addArticle.png>
Package pdftex.def Info: RIA-SequenceDiagrams/TIWRIA-addArticle.png  used on input line 679.
(pdftex.def)             Requested size: 500.77129pt x 271.42946pt.



Package fancyhdr Warning: \headheight is too small (8.0pt): 
(fancyhdr)                Make it at least 13.0pt, for example:
(fancyhdr)                \setlength{\headheight}{13.0pt}.
(fancyhdr)                You might also make \topmargin smaller to compensate:
(fancyhdr)                \addtolength{\topmargin}{-5.0pt}.


Package fancyhdr Warning: \footskip is too small (12.0pt): 
(fancyhdr)                Make it at least 14.0pt, for example:
(fancyhdr)                \setlength{\footskip}{14.0pt}.

[31 <./RIA-SequenceDiagrams/TIWRIA-showDetailsOwner.png> <./RIA-SequenceDiagrams/TIWRIA-addArticle.png>]
<RIA-SequenceDiagrams/TIWRIA-addAuction.png, id=612, 1091.277pt x 565.8741pt>
File: RIA-SequenceDiagrams/TIWRIA-addAuction.png Graphic file (type png)
<use RIA-SequenceDiagrams/TIWRIA-addAuction.png>
Package pdftex.def Info: RIA-SequenceDiagrams/TIWRIA-addAuction.png  used on input line 684.
(pdftex.def)             Requested size: 569.05513pt x 295.08513pt.

Underfull \hbox (badness 10000) in paragraph at lines 682--686

 []

<RIA-SequenceDiagrams/TIWRIA-closeAuction.png, id=613, 975.645pt x 479.1501pt>
File: RIA-SequenceDiagrams/TIWRIA-closeAuction.png Graphic file (type png)
<use RIA-SequenceDiagrams/TIWRIA-closeAuction.png>
Package pdftex.def Info: RIA-SequenceDiagrams/TIWRIA-closeAuction.png  used on input line 689.
(pdftex.def)             Requested size: 546.29153pt x 268.29297pt.



Package fancyhdr Warning: \headheight is too small (8.0pt): 
(fancyhdr)                Make it at least 13.0pt, for example:
(fancyhdr)                \setlength{\headheight}{13.0pt}.
(fancyhdr)                You might also make \topmargin smaller to compensate:
(fancyhdr)                \addtolength{\topmargin}{-5.0pt}.


Package fancyhdr Warning: \footskip is too small (12.0pt): 
(fancyhdr)                Make it at least 14.0pt, for example:
(fancyhdr)                \setlength{\footskip}{14.0pt}.

[32 <./RIA-SequenceDiagrams/TIWRIA-addAuction.png> <./RIA-SequenceDiagrams/TIWRIA-closeAuction.png>] (/usr/share/texlive/texmf-dist/tex/latex/listings/lstlang1.sty
File: lstlang1.sty 2024/05/25 1.10b listings language file
) (/usr/share/texlive/texmf-dist/tex/latex/listings/lstmisc.sty
File: lstmisc.sty 2024/05/25 1.10b (Carsten Heinz)
)


Package fancyhdr Warning: \headheight is too small (8.0pt): 
(fancyhdr)                Make it at least 13.0pt, for example:
(fancyhdr)                \setlength{\headheight}{13.0pt}.
(fancyhdr)                You might also make \topmargin smaller to compensate:
(fancyhdr)                \addtolength{\topmargin}{-5.0pt}.


Package fancyhdr Warning: \footskip is too small (12.0pt): 
(fancyhdr)                Make it at least 14.0pt, for example:
(fancyhdr)                \setlength{\footskip}{14.0pt}.

[33]


Package fancyhdr Warning: \headheight is too small (8.0pt): 
(fancyhdr)                Make it at least 13.0pt, for example:
(fancyhdr)                \setlength{\headheight}{13.0pt}.
(fancyhdr)                You might also make \topmargin smaller to compensate:
(fancyhdr)                \addtolength{\topmargin}{-5.0pt}.


Package fancyhdr Warning: \footskip is too small (12.0pt): 
(fancyhdr)                Make it at least 14.0pt, for example:
(fancyhdr)                \setlength{\footskip}{14.0pt}.

[34{/usr/share/texlive/texmf-dist/fonts/enc/dvips/ebgaramond-maths/a_w5zv5t.enc}]


Package fancyhdr Warning: \headheight is too small (8.0pt): 
(fancyhdr)                Make it at least 13.0pt, for example:
(fancyhdr)                \setlength{\headheight}{13.0pt}.
(fancyhdr)                You might also make \topmargin smaller to compensate:
(fancyhdr)                \addtolength{\topmargin}{-5.0pt}.


Package fancyhdr Warning: \footskip is too small (12.0pt): 
(fancyhdr)                Make it at least 14.0pt, for example:
(fancyhdr)                \setlength{\footskip}{14.0pt}.

[35] (./AuctionWebsite-doc.aux)
 ***********
LaTeX2e <2024-06-01> patch level 2
L3 programming layer <2024-05-27>
 ***********
Package rerunfilecheck Info: File `AuctionWebsite-doc.out' has not changed.
(rerunfilecheck)             Checksum: 5F9B6CF2FDE80FC733AA4B345F14A9E8;6893.
 ) 
Here is how much of TeX's memory you used:
 32847 strings out of 473584
 616580 string characters out of 5730879
 2040905 words of memory out of 5000000
 54844 multiletter control sequences out of 15000+600000
 679294 words of font info for 128 fonts, out of 8000000 for 9000
 1302 hyphenation exceptions out of 8191
 81i,14n,117p,2876b,2078s stack positions out of 10000i,1000n,20000p,200000b,200000s
</usr/share/texlive/texmf-dist/fonts/type1/public/ebgaramond/EBGaramond-Bold.pfb></usr/share/texlive/texmf-dist/fonts/type1/public/ebgaramond/EBGaramond-Italic.pfb></usr/share/texlive/texmf-dist/fonts/type1/public/ebgaramond/EBGaramond-Regular.pfb></usr/share/texmf/fonts/type1/public/cm-super/sftt1095.pfb></usr/share/texmf/fonts/type1/public/cm-super/sftt1200.pfb></usr/share/texlive/texmf-dist/fonts/type1/public/newtx/txsys.pfb>
Output written on AuctionWebsite-doc.pdf (36 pages, 7936104 bytes).
PDF statistics:
 770 PDF objects out of 1000 (max. 8388607)
 603 compressed objects within 7 object streams
 269 named destinations out of 1000 (max. 500000)
 495 words of extra memory for PDF output out of 10000 (max. 10000000)

